[2023-10-13T22:13:49.224+0000] {processor.py:157} INFO - Started process (PID=3974) to work on /opt/airflow/dags/dag.py
[2023-10-13T22:13:49.226+0000] {processor.py:829} INFO - Processing file /opt/airflow/dags/dag.py for tasks to queue
[2023-10-13T22:13:49.228+0000] {logging_mixin.py:151} INFO - [2023-10-13T22:13:49.227+0000] {dagbag.py:539} INFO - Filling up the DagBag from /opt/airflow/dags/dag.py
[2023-10-13T22:13:49.249+0000] {processor.py:841} WARNING - No viable dags retrieved from /opt/airflow/dags/dag.py
[2023-10-13T22:13:49.266+0000] {processor.py:179} INFO - Processing /opt/airflow/dags/dag.py took 0.046 seconds
[2023-10-13T22:14:19.953+0000] {processor.py:157} INFO - Started process (PID=3986) to work on /opt/airflow/dags/dag.py
[2023-10-13T22:14:19.955+0000] {processor.py:829} INFO - Processing file /opt/airflow/dags/dag.py for tasks to queue
[2023-10-13T22:14:19.956+0000] {logging_mixin.py:151} INFO - [2023-10-13T22:14:19.956+0000] {dagbag.py:539} INFO - Filling up the DagBag from /opt/airflow/dags/dag.py
[2023-10-13T22:14:19.969+0000] {processor.py:841} WARNING - No viable dags retrieved from /opt/airflow/dags/dag.py
[2023-10-13T22:14:19.985+0000] {processor.py:179} INFO - Processing /opt/airflow/dags/dag.py took 0.036 seconds
[2023-10-13T22:14:50.851+0000] {processor.py:157} INFO - Started process (PID=3998) to work on /opt/airflow/dags/dag.py
[2023-10-13T22:14:50.852+0000] {processor.py:829} INFO - Processing file /opt/airflow/dags/dag.py for tasks to queue
[2023-10-13T22:14:50.853+0000] {logging_mixin.py:151} INFO - [2023-10-13T22:14:50.853+0000] {dagbag.py:539} INFO - Filling up the DagBag from /opt/airflow/dags/dag.py
[2023-10-13T22:14:50.870+0000] {processor.py:841} WARNING - No viable dags retrieved from /opt/airflow/dags/dag.py
[2023-10-13T22:14:50.884+0000] {processor.py:179} INFO - Processing /opt/airflow/dags/dag.py took 0.036 seconds
[2023-10-13T22:15:21.677+0000] {processor.py:157} INFO - Started process (PID=4010) to work on /opt/airflow/dags/dag.py
[2023-10-13T22:15:21.679+0000] {processor.py:829} INFO - Processing file /opt/airflow/dags/dag.py for tasks to queue
[2023-10-13T22:15:21.680+0000] {logging_mixin.py:151} INFO - [2023-10-13T22:15:21.680+0000] {dagbag.py:539} INFO - Filling up the DagBag from /opt/airflow/dags/dag.py
[2023-10-13T22:15:21.693+0000] {processor.py:841} WARNING - No viable dags retrieved from /opt/airflow/dags/dag.py
[2023-10-13T22:15:21.709+0000] {processor.py:179} INFO - Processing /opt/airflow/dags/dag.py took 0.036 seconds
[2023-10-13T22:15:52.524+0000] {processor.py:157} INFO - Started process (PID=4022) to work on /opt/airflow/dags/dag.py
[2023-10-13T22:15:52.526+0000] {processor.py:829} INFO - Processing file /opt/airflow/dags/dag.py for tasks to queue
[2023-10-13T22:15:52.529+0000] {logging_mixin.py:151} INFO - [2023-10-13T22:15:52.528+0000] {dagbag.py:539} INFO - Filling up the DagBag from /opt/airflow/dags/dag.py
[2023-10-13T22:15:52.547+0000] {processor.py:841} WARNING - No viable dags retrieved from /opt/airflow/dags/dag.py
[2023-10-13T22:15:52.564+0000] {processor.py:179} INFO - Processing /opt/airflow/dags/dag.py took 0.044 seconds
[2023-10-13T22:16:23.482+0000] {processor.py:157} INFO - Started process (PID=4034) to work on /opt/airflow/dags/dag.py
[2023-10-13T22:16:23.484+0000] {processor.py:829} INFO - Processing file /opt/airflow/dags/dag.py for tasks to queue
[2023-10-13T22:16:23.485+0000] {logging_mixin.py:151} INFO - [2023-10-13T22:16:23.485+0000] {dagbag.py:539} INFO - Filling up the DagBag from /opt/airflow/dags/dag.py
[2023-10-13T22:16:23.503+0000] {processor.py:841} WARNING - No viable dags retrieved from /opt/airflow/dags/dag.py
[2023-10-13T22:16:23.521+0000] {processor.py:179} INFO - Processing /opt/airflow/dags/dag.py took 0.044 seconds
[2023-10-13T22:16:54.276+0000] {processor.py:157} INFO - Started process (PID=4046) to work on /opt/airflow/dags/dag.py
[2023-10-13T22:16:54.277+0000] {processor.py:829} INFO - Processing file /opt/airflow/dags/dag.py for tasks to queue
[2023-10-13T22:16:54.278+0000] {logging_mixin.py:151} INFO - [2023-10-13T22:16:54.278+0000] {dagbag.py:539} INFO - Filling up the DagBag from /opt/airflow/dags/dag.py
[2023-10-13T22:16:54.297+0000] {processor.py:841} WARNING - No viable dags retrieved from /opt/airflow/dags/dag.py
[2023-10-13T22:16:54.309+0000] {processor.py:179} INFO - Processing /opt/airflow/dags/dag.py took 0.036 seconds
[2023-10-13T22:17:25.053+0000] {processor.py:157} INFO - Started process (PID=4058) to work on /opt/airflow/dags/dag.py
[2023-10-13T22:17:25.097+0000] {processor.py:829} INFO - Processing file /opt/airflow/dags/dag.py for tasks to queue
[2023-10-13T22:17:25.099+0000] {logging_mixin.py:151} INFO - [2023-10-13T22:17:25.099+0000] {dagbag.py:539} INFO - Filling up the DagBag from /opt/airflow/dags/dag.py
[2023-10-13T22:17:25.157+0000] {processor.py:841} WARNING - No viable dags retrieved from /opt/airflow/dags/dag.py
[2023-10-13T22:17:25.179+0000] {processor.py:179} INFO - Processing /opt/airflow/dags/dag.py took 0.130 seconds
[2023-10-13T22:17:55.225+0000] {processor.py:157} INFO - Started process (PID=4070) to work on /opt/airflow/dags/dag.py
[2023-10-13T22:17:55.226+0000] {processor.py:829} INFO - Processing file /opt/airflow/dags/dag.py for tasks to queue
[2023-10-13T22:17:55.227+0000] {logging_mixin.py:151} INFO - [2023-10-13T22:17:55.227+0000] {dagbag.py:539} INFO - Filling up the DagBag from /opt/airflow/dags/dag.py
[2023-10-13T22:17:55.239+0000] {processor.py:841} WARNING - No viable dags retrieved from /opt/airflow/dags/dag.py
[2023-10-13T22:17:55.254+0000] {processor.py:179} INFO - Processing /opt/airflow/dags/dag.py took 0.034 seconds
[2023-10-13T22:18:26.000+0000] {processor.py:157} INFO - Started process (PID=4082) to work on /opt/airflow/dags/dag.py
[2023-10-13T22:18:26.002+0000] {processor.py:829} INFO - Processing file /opt/airflow/dags/dag.py for tasks to queue
[2023-10-13T22:18:26.003+0000] {logging_mixin.py:151} INFO - [2023-10-13T22:18:26.003+0000] {dagbag.py:539} INFO - Filling up the DagBag from /opt/airflow/dags/dag.py
[2023-10-13T22:18:26.017+0000] {processor.py:841} WARNING - No viable dags retrieved from /opt/airflow/dags/dag.py
[2023-10-13T22:18:26.032+0000] {processor.py:179} INFO - Processing /opt/airflow/dags/dag.py took 0.036 seconds
[2023-10-13T22:18:56.929+0000] {processor.py:157} INFO - Started process (PID=4094) to work on /opt/airflow/dags/dag.py
[2023-10-13T22:18:56.930+0000] {processor.py:829} INFO - Processing file /opt/airflow/dags/dag.py for tasks to queue
[2023-10-13T22:18:56.931+0000] {logging_mixin.py:151} INFO - [2023-10-13T22:18:56.931+0000] {dagbag.py:539} INFO - Filling up the DagBag from /opt/airflow/dags/dag.py
[2023-10-13T22:18:56.945+0000] {processor.py:841} WARNING - No viable dags retrieved from /opt/airflow/dags/dag.py
[2023-10-13T22:18:56.958+0000] {processor.py:179} INFO - Processing /opt/airflow/dags/dag.py took 0.032 seconds
[2023-10-13T22:19:27.735+0000] {processor.py:157} INFO - Started process (PID=4106) to work on /opt/airflow/dags/dag.py
[2023-10-13T22:19:27.737+0000] {processor.py:829} INFO - Processing file /opt/airflow/dags/dag.py for tasks to queue
[2023-10-13T22:19:27.738+0000] {logging_mixin.py:151} INFO - [2023-10-13T22:19:27.738+0000] {dagbag.py:539} INFO - Filling up the DagBag from /opt/airflow/dags/dag.py
[2023-10-13T22:19:27.751+0000] {processor.py:841} WARNING - No viable dags retrieved from /opt/airflow/dags/dag.py
[2023-10-13T22:19:27.765+0000] {processor.py:179} INFO - Processing /opt/airflow/dags/dag.py took 0.033 seconds
[2023-10-13T22:19:58.493+0000] {processor.py:157} INFO - Started process (PID=4118) to work on /opt/airflow/dags/dag.py
[2023-10-13T22:19:58.494+0000] {processor.py:829} INFO - Processing file /opt/airflow/dags/dag.py for tasks to queue
[2023-10-13T22:19:58.495+0000] {logging_mixin.py:151} INFO - [2023-10-13T22:19:58.495+0000] {dagbag.py:539} INFO - Filling up the DagBag from /opt/airflow/dags/dag.py
[2023-10-13T22:19:58.509+0000] {processor.py:841} WARNING - No viable dags retrieved from /opt/airflow/dags/dag.py
[2023-10-13T22:19:58.523+0000] {processor.py:179} INFO - Processing /opt/airflow/dags/dag.py took 0.034 seconds
[2023-10-13T22:20:29.224+0000] {processor.py:157} INFO - Started process (PID=4130) to work on /opt/airflow/dags/dag.py
[2023-10-13T22:20:29.225+0000] {processor.py:829} INFO - Processing file /opt/airflow/dags/dag.py for tasks to queue
[2023-10-13T22:20:29.226+0000] {logging_mixin.py:151} INFO - [2023-10-13T22:20:29.226+0000] {dagbag.py:539} INFO - Filling up the DagBag from /opt/airflow/dags/dag.py
[2023-10-13T22:20:29.246+0000] {processor.py:841} WARNING - No viable dags retrieved from /opt/airflow/dags/dag.py
[2023-10-13T22:20:29.259+0000] {processor.py:179} INFO - Processing /opt/airflow/dags/dag.py took 0.038 seconds
[2023-10-13T22:21:00.002+0000] {processor.py:157} INFO - Started process (PID=4142) to work on /opt/airflow/dags/dag.py
[2023-10-13T22:21:00.003+0000] {processor.py:829} INFO - Processing file /opt/airflow/dags/dag.py for tasks to queue
[2023-10-13T22:21:00.004+0000] {logging_mixin.py:151} INFO - [2023-10-13T22:21:00.004+0000] {dagbag.py:539} INFO - Filling up the DagBag from /opt/airflow/dags/dag.py
[2023-10-13T22:21:00.026+0000] {processor.py:841} WARNING - No viable dags retrieved from /opt/airflow/dags/dag.py
[2023-10-13T22:21:00.043+0000] {processor.py:179} INFO - Processing /opt/airflow/dags/dag.py took 0.045 seconds
[2023-10-13T22:21:30.743+0000] {processor.py:157} INFO - Started process (PID=4154) to work on /opt/airflow/dags/dag.py
[2023-10-13T22:21:30.744+0000] {processor.py:829} INFO - Processing file /opt/airflow/dags/dag.py for tasks to queue
[2023-10-13T22:21:30.745+0000] {logging_mixin.py:151} INFO - [2023-10-13T22:21:30.745+0000] {dagbag.py:539} INFO - Filling up the DagBag from /opt/airflow/dags/dag.py
[2023-10-13T22:21:30.763+0000] {processor.py:841} WARNING - No viable dags retrieved from /opt/airflow/dags/dag.py
[2023-10-13T22:21:30.775+0000] {processor.py:179} INFO - Processing /opt/airflow/dags/dag.py took 0.036 seconds
[2023-10-13T22:22:01.741+0000] {processor.py:157} INFO - Started process (PID=4166) to work on /opt/airflow/dags/dag.py
[2023-10-13T22:22:01.742+0000] {processor.py:829} INFO - Processing file /opt/airflow/dags/dag.py for tasks to queue
[2023-10-13T22:22:01.743+0000] {logging_mixin.py:151} INFO - [2023-10-13T22:22:01.742+0000] {dagbag.py:539} INFO - Filling up the DagBag from /opt/airflow/dags/dag.py
[2023-10-13T22:22:01.756+0000] {processor.py:841} WARNING - No viable dags retrieved from /opt/airflow/dags/dag.py
[2023-10-13T22:22:01.768+0000] {processor.py:179} INFO - Processing /opt/airflow/dags/dag.py took 0.031 seconds
[2023-10-13T22:22:32.432+0000] {processor.py:157} INFO - Started process (PID=4178) to work on /opt/airflow/dags/dag.py
[2023-10-13T22:22:32.433+0000] {processor.py:829} INFO - Processing file /opt/airflow/dags/dag.py for tasks to queue
[2023-10-13T22:22:32.434+0000] {logging_mixin.py:151} INFO - [2023-10-13T22:22:32.434+0000] {dagbag.py:539} INFO - Filling up the DagBag from /opt/airflow/dags/dag.py
[2023-10-13T22:22:32.446+0000] {processor.py:841} WARNING - No viable dags retrieved from /opt/airflow/dags/dag.py
[2023-10-13T22:22:32.462+0000] {processor.py:179} INFO - Processing /opt/airflow/dags/dag.py took 0.033 seconds
[2023-10-13T22:23:03.210+0000] {processor.py:157} INFO - Started process (PID=4190) to work on /opt/airflow/dags/dag.py
[2023-10-13T22:23:03.211+0000] {processor.py:829} INFO - Processing file /opt/airflow/dags/dag.py for tasks to queue
[2023-10-13T22:23:03.213+0000] {logging_mixin.py:151} INFO - [2023-10-13T22:23:03.212+0000] {dagbag.py:539} INFO - Filling up the DagBag from /opt/airflow/dags/dag.py
[2023-10-13T22:23:03.234+0000] {processor.py:841} WARNING - No viable dags retrieved from /opt/airflow/dags/dag.py
[2023-10-13T22:23:03.253+0000] {processor.py:179} INFO - Processing /opt/airflow/dags/dag.py took 0.048 seconds
[2023-10-13T22:24:24.221+0000] {processor.py:157} INFO - Started process (PID=4191) to work on /opt/airflow/dags/dag.py
[2023-10-13T22:24:24.223+0000] {processor.py:829} INFO - Processing file /opt/airflow/dags/dag.py for tasks to queue
[2023-10-13T22:24:24.227+0000] {logging_mixin.py:151} INFO - [2023-10-13T22:24:24.226+0000] {dagbag.py:539} INFO - Filling up the DagBag from /opt/airflow/dags/dag.py
[2023-10-13T22:24:24.256+0000] {processor.py:841} WARNING - No viable dags retrieved from /opt/airflow/dags/dag.py
[2023-10-13T22:24:24.321+0000] {processor.py:179} INFO - Processing /opt/airflow/dags/dag.py took 0.115 seconds
[2023-10-13T22:24:55.007+0000] {processor.py:157} INFO - Started process (PID=4203) to work on /opt/airflow/dags/dag.py
[2023-10-13T22:24:55.008+0000] {processor.py:829} INFO - Processing file /opt/airflow/dags/dag.py for tasks to queue
[2023-10-13T22:24:55.009+0000] {logging_mixin.py:151} INFO - [2023-10-13T22:24:55.009+0000] {dagbag.py:539} INFO - Filling up the DagBag from /opt/airflow/dags/dag.py
[2023-10-13T22:24:55.025+0000] {processor.py:841} WARNING - No viable dags retrieved from /opt/airflow/dags/dag.py
[2023-10-13T22:24:55.057+0000] {processor.py:179} INFO - Processing /opt/airflow/dags/dag.py took 0.055 seconds
[2023-10-13T22:25:25.756+0000] {processor.py:157} INFO - Started process (PID=4215) to work on /opt/airflow/dags/dag.py
[2023-10-13T22:25:25.758+0000] {processor.py:829} INFO - Processing file /opt/airflow/dags/dag.py for tasks to queue
[2023-10-13T22:25:25.759+0000] {logging_mixin.py:151} INFO - [2023-10-13T22:25:25.759+0000] {dagbag.py:539} INFO - Filling up the DagBag from /opt/airflow/dags/dag.py
[2023-10-13T22:25:25.775+0000] {processor.py:841} WARNING - No viable dags retrieved from /opt/airflow/dags/dag.py
[2023-10-13T22:25:25.793+0000] {processor.py:179} INFO - Processing /opt/airflow/dags/dag.py took 0.042 seconds
[2023-10-13T22:25:58.751+0000] {processor.py:157} INFO - Started process (PID=4220) to work on /opt/airflow/dags/dag.py
[2023-10-13T22:25:58.753+0000] {processor.py:829} INFO - Processing file /opt/airflow/dags/dag.py for tasks to queue
[2023-10-13T22:25:58.763+0000] {logging_mixin.py:151} INFO - [2023-10-13T22:25:58.754+0000] {dagbag.py:539} INFO - Filling up the DagBag from /opt/airflow/dags/dag.py
[2023-10-13T22:25:58.781+0000] {processor.py:841} WARNING - No viable dags retrieved from /opt/airflow/dags/dag.py
[2023-10-13T22:25:58.809+0000] {processor.py:179} INFO - Processing /opt/airflow/dags/dag.py took 0.063 seconds
[2023-10-13T22:26:29.591+0000] {processor.py:157} INFO - Started process (PID=4227) to work on /opt/airflow/dags/dag.py
[2023-10-13T22:26:29.593+0000] {processor.py:829} INFO - Processing file /opt/airflow/dags/dag.py for tasks to queue
[2023-10-13T22:26:29.594+0000] {logging_mixin.py:151} INFO - [2023-10-13T22:26:29.594+0000] {dagbag.py:539} INFO - Filling up the DagBag from /opt/airflow/dags/dag.py
[2023-10-13T22:26:29.613+0000] {processor.py:841} WARNING - No viable dags retrieved from /opt/airflow/dags/dag.py
[2023-10-13T22:26:29.631+0000] {processor.py:179} INFO - Processing /opt/airflow/dags/dag.py took 0.044 seconds
[2023-10-13T22:27:12.039+0000] {processor.py:157} INFO - Started process (PID=4231) to work on /opt/airflow/dags/dag.py
[2023-10-13T22:27:12.041+0000] {processor.py:829} INFO - Processing file /opt/airflow/dags/dag.py for tasks to queue
[2023-10-13T22:27:12.042+0000] {logging_mixin.py:151} INFO - [2023-10-13T22:27:12.042+0000] {dagbag.py:539} INFO - Filling up the DagBag from /opt/airflow/dags/dag.py
[2023-10-13T22:27:12.063+0000] {processor.py:841} WARNING - No viable dags retrieved from /opt/airflow/dags/dag.py
[2023-10-13T22:27:12.081+0000] {processor.py:179} INFO - Processing /opt/airflow/dags/dag.py took 0.046 seconds
[2023-10-13T22:27:42.353+0000] {processor.py:157} INFO - Started process (PID=4235) to work on /opt/airflow/dags/dag.py
[2023-10-13T22:27:42.355+0000] {processor.py:829} INFO - Processing file /opt/airflow/dags/dag.py for tasks to queue
[2023-10-13T22:27:42.356+0000] {logging_mixin.py:151} INFO - [2023-10-13T22:27:42.356+0000] {dagbag.py:539} INFO - Filling up the DagBag from /opt/airflow/dags/dag.py
[2023-10-13T22:27:42.371+0000] {processor.py:841} WARNING - No viable dags retrieved from /opt/airflow/dags/dag.py
[2023-10-13T22:27:42.388+0000] {processor.py:179} INFO - Processing /opt/airflow/dags/dag.py took 0.040 seconds
[2023-10-13T22:28:12.563+0000] {processor.py:157} INFO - Started process (PID=4248) to work on /opt/airflow/dags/dag.py
[2023-10-13T22:28:12.565+0000] {processor.py:829} INFO - Processing file /opt/airflow/dags/dag.py for tasks to queue
[2023-10-13T22:28:12.566+0000] {logging_mixin.py:151} INFO - [2023-10-13T22:28:12.566+0000] {dagbag.py:539} INFO - Filling up the DagBag from /opt/airflow/dags/dag.py
[2023-10-13T22:28:12.580+0000] {processor.py:841} WARNING - No viable dags retrieved from /opt/airflow/dags/dag.py
[2023-10-13T22:28:12.596+0000] {processor.py:179} INFO - Processing /opt/airflow/dags/dag.py took 0.037 seconds
[2023-10-13T22:28:43.101+0000] {processor.py:157} INFO - Started process (PID=4260) to work on /opt/airflow/dags/dag.py
[2023-10-13T22:28:43.103+0000] {processor.py:829} INFO - Processing file /opt/airflow/dags/dag.py for tasks to queue
[2023-10-13T22:28:43.105+0000] {logging_mixin.py:151} INFO - [2023-10-13T22:28:43.105+0000] {dagbag.py:539} INFO - Filling up the DagBag from /opt/airflow/dags/dag.py
[2023-10-13T22:28:43.120+0000] {processor.py:841} WARNING - No viable dags retrieved from /opt/airflow/dags/dag.py
[2023-10-13T22:28:43.137+0000] {processor.py:179} INFO - Processing /opt/airflow/dags/dag.py took 0.042 seconds
[2023-10-13T22:29:13.833+0000] {processor.py:157} INFO - Started process (PID=4272) to work on /opt/airflow/dags/dag.py
[2023-10-13T22:29:13.834+0000] {processor.py:829} INFO - Processing file /opt/airflow/dags/dag.py for tasks to queue
[2023-10-13T22:29:13.836+0000] {logging_mixin.py:151} INFO - [2023-10-13T22:29:13.835+0000] {dagbag.py:539} INFO - Filling up the DagBag from /opt/airflow/dags/dag.py
[2023-10-13T22:29:13.853+0000] {processor.py:841} WARNING - No viable dags retrieved from /opt/airflow/dags/dag.py
[2023-10-13T22:29:13.873+0000] {processor.py:179} INFO - Processing /opt/airflow/dags/dag.py took 0.044 seconds
[2023-10-13T22:29:43.913+0000] {processor.py:157} INFO - Started process (PID=4284) to work on /opt/airflow/dags/dag.py
[2023-10-13T22:29:43.915+0000] {processor.py:829} INFO - Processing file /opt/airflow/dags/dag.py for tasks to queue
[2023-10-13T22:29:43.916+0000] {logging_mixin.py:151} INFO - [2023-10-13T22:29:43.915+0000] {dagbag.py:539} INFO - Filling up the DagBag from /opt/airflow/dags/dag.py
[2023-10-13T22:29:43.929+0000] {processor.py:841} WARNING - No viable dags retrieved from /opt/airflow/dags/dag.py
[2023-10-13T22:29:43.945+0000] {processor.py:179} INFO - Processing /opt/airflow/dags/dag.py took 0.037 seconds
[2023-10-13T22:30:14.377+0000] {processor.py:157} INFO - Started process (PID=4293) to work on /opt/airflow/dags/dag.py
[2023-10-13T22:30:14.378+0000] {processor.py:829} INFO - Processing file /opt/airflow/dags/dag.py for tasks to queue
[2023-10-13T22:30:14.379+0000] {logging_mixin.py:151} INFO - [2023-10-13T22:30:14.379+0000] {dagbag.py:539} INFO - Filling up the DagBag from /opt/airflow/dags/dag.py
[2023-10-13T22:30:14.397+0000] {processor.py:841} WARNING - No viable dags retrieved from /opt/airflow/dags/dag.py
[2023-10-13T22:30:14.413+0000] {processor.py:179} INFO - Processing /opt/airflow/dags/dag.py took 0.040 seconds
[2023-10-13T22:30:44.947+0000] {processor.py:157} INFO - Started process (PID=4304) to work on /opt/airflow/dags/dag.py
[2023-10-13T22:30:44.948+0000] {processor.py:829} INFO - Processing file /opt/airflow/dags/dag.py for tasks to queue
[2023-10-13T22:30:44.950+0000] {logging_mixin.py:151} INFO - [2023-10-13T22:30:44.950+0000] {dagbag.py:539} INFO - Filling up the DagBag from /opt/airflow/dags/dag.py
[2023-10-13T22:30:44.965+0000] {processor.py:841} WARNING - No viable dags retrieved from /opt/airflow/dags/dag.py
[2023-10-13T22:30:45.772+0000] {processor.py:179} INFO - Processing /opt/airflow/dags/dag.py took 0.831 seconds
[2023-10-13T22:31:50.632+0000] {processor.py:157} INFO - Started process (PID=4309) to work on /opt/airflow/dags/dag.py
[2023-10-13T22:31:50.638+0000] {processor.py:829} INFO - Processing file /opt/airflow/dags/dag.py for tasks to queue
[2023-10-13T22:31:50.641+0000] {logging_mixin.py:151} INFO - [2023-10-13T22:31:50.641+0000] {dagbag.py:539} INFO - Filling up the DagBag from /opt/airflow/dags/dag.py
[2023-10-13T22:31:50.666+0000] {processor.py:841} WARNING - No viable dags retrieved from /opt/airflow/dags/dag.py
[2023-10-13T22:31:50.710+0000] {processor.py:179} INFO - Processing /opt/airflow/dags/dag.py took 0.096 seconds
[2023-10-13T22:32:21.651+0000] {processor.py:157} INFO - Started process (PID=4310) to work on /opt/airflow/dags/dag.py
[2023-10-13T22:32:21.653+0000] {processor.py:829} INFO - Processing file /opt/airflow/dags/dag.py for tasks to queue
[2023-10-13T22:32:21.655+0000] {logging_mixin.py:151} INFO - [2023-10-13T22:32:21.654+0000] {dagbag.py:539} INFO - Filling up the DagBag from /opt/airflow/dags/dag.py
[2023-10-13T22:32:21.669+0000] {processor.py:841} WARNING - No viable dags retrieved from /opt/airflow/dags/dag.py
[2023-10-13T22:32:21.692+0000] {processor.py:179} INFO - Processing /opt/airflow/dags/dag.py took 0.045 seconds
[2023-10-13T22:32:54.931+0000] {processor.py:157} INFO - Started process (PID=4321) to work on /opt/airflow/dags/dag.py
[2023-10-13T22:32:54.933+0000] {processor.py:829} INFO - Processing file /opt/airflow/dags/dag.py for tasks to queue
[2023-10-13T22:32:54.934+0000] {logging_mixin.py:151} INFO - [2023-10-13T22:32:54.934+0000] {dagbag.py:539} INFO - Filling up the DagBag from /opt/airflow/dags/dag.py
[2023-10-13T22:32:54.954+0000] {processor.py:841} WARNING - No viable dags retrieved from /opt/airflow/dags/dag.py
[2023-10-13T22:32:54.971+0000] {processor.py:179} INFO - Processing /opt/airflow/dags/dag.py took 0.045 seconds
[2023-10-13T22:33:25.711+0000] {processor.py:157} INFO - Started process (PID=4333) to work on /opt/airflow/dags/dag.py
[2023-10-13T22:33:25.713+0000] {processor.py:829} INFO - Processing file /opt/airflow/dags/dag.py for tasks to queue
[2023-10-13T22:33:25.714+0000] {logging_mixin.py:151} INFO - [2023-10-13T22:33:25.714+0000] {dagbag.py:539} INFO - Filling up the DagBag from /opt/airflow/dags/dag.py
[2023-10-13T22:33:25.731+0000] {processor.py:841} WARNING - No viable dags retrieved from /opt/airflow/dags/dag.py
[2023-10-13T22:33:25.744+0000] {processor.py:179} INFO - Processing /opt/airflow/dags/dag.py took 0.038 seconds
[2023-10-13T22:33:56.318+0000] {processor.py:157} INFO - Started process (PID=4345) to work on /opt/airflow/dags/dag.py
[2023-10-13T22:33:56.319+0000] {processor.py:829} INFO - Processing file /opt/airflow/dags/dag.py for tasks to queue
[2023-10-13T22:33:56.320+0000] {logging_mixin.py:151} INFO - [2023-10-13T22:33:56.320+0000] {dagbag.py:539} INFO - Filling up the DagBag from /opt/airflow/dags/dag.py
[2023-10-13T22:33:56.334+0000] {processor.py:841} WARNING - No viable dags retrieved from /opt/airflow/dags/dag.py
[2023-10-13T22:33:56.349+0000] {processor.py:179} INFO - Processing /opt/airflow/dags/dag.py took 0.035 seconds
[2023-10-13T22:34:27.250+0000] {processor.py:157} INFO - Started process (PID=4357) to work on /opt/airflow/dags/dag.py
[2023-10-13T22:34:27.252+0000] {processor.py:829} INFO - Processing file /opt/airflow/dags/dag.py for tasks to queue
[2023-10-13T22:34:27.253+0000] {logging_mixin.py:151} INFO - [2023-10-13T22:34:27.252+0000] {dagbag.py:539} INFO - Filling up the DagBag from /opt/airflow/dags/dag.py
[2023-10-13T22:34:27.264+0000] {processor.py:841} WARNING - No viable dags retrieved from /opt/airflow/dags/dag.py
[2023-10-13T22:34:27.279+0000] {processor.py:179} INFO - Processing /opt/airflow/dags/dag.py took 0.032 seconds
[2023-10-13T22:34:58.736+0000] {processor.py:157} INFO - Started process (PID=4374) to work on /opt/airflow/dags/dag.py
[2023-10-13T22:34:58.738+0000] {processor.py:829} INFO - Processing file /opt/airflow/dags/dag.py for tasks to queue
[2023-10-13T22:34:58.739+0000] {logging_mixin.py:151} INFO - [2023-10-13T22:34:58.739+0000] {dagbag.py:539} INFO - Filling up the DagBag from /opt/airflow/dags/dag.py
[2023-10-13T22:34:58.754+0000] {processor.py:841} WARNING - No viable dags retrieved from /opt/airflow/dags/dag.py
[2023-10-13T22:34:59.451+0000] {processor.py:179} INFO - Processing /opt/airflow/dags/dag.py took 0.719 seconds
[2023-10-13T22:35:30.731+0000] {processor.py:157} INFO - Started process (PID=4387) to work on /opt/airflow/dags/dag.py
[2023-10-13T22:35:30.733+0000] {processor.py:829} INFO - Processing file /opt/airflow/dags/dag.py for tasks to queue
[2023-10-13T22:35:30.734+0000] {logging_mixin.py:151} INFO - [2023-10-13T22:35:30.734+0000] {dagbag.py:539} INFO - Filling up the DagBag from /opt/airflow/dags/dag.py
[2023-10-13T22:35:30.748+0000] {processor.py:841} WARNING - No viable dags retrieved from /opt/airflow/dags/dag.py
[2023-10-13T22:35:30.766+0000] {processor.py:179} INFO - Processing /opt/airflow/dags/dag.py took 0.043 seconds
[2023-10-13T22:36:01.720+0000] {processor.py:157} INFO - Started process (PID=4399) to work on /opt/airflow/dags/dag.py
[2023-10-13T22:36:01.722+0000] {processor.py:829} INFO - Processing file /opt/airflow/dags/dag.py for tasks to queue
[2023-10-13T22:36:01.723+0000] {logging_mixin.py:151} INFO - [2023-10-13T22:36:01.722+0000] {dagbag.py:539} INFO - Filling up the DagBag from /opt/airflow/dags/dag.py
[2023-10-13T22:36:01.737+0000] {processor.py:841} WARNING - No viable dags retrieved from /opt/airflow/dags/dag.py
[2023-10-13T22:36:01.750+0000] {processor.py:179} INFO - Processing /opt/airflow/dags/dag.py took 0.034 seconds
[2023-10-13T22:36:33.622+0000] {processor.py:157} INFO - Started process (PID=4405) to work on /opt/airflow/dags/dag.py
[2023-10-13T22:36:33.624+0000] {processor.py:829} INFO - Processing file /opt/airflow/dags/dag.py for tasks to queue
[2023-10-13T22:36:33.627+0000] {logging_mixin.py:151} INFO - [2023-10-13T22:36:33.626+0000] {dagbag.py:539} INFO - Filling up the DagBag from /opt/airflow/dags/dag.py
[2023-10-13T22:36:33.656+0000] {processor.py:841} WARNING - No viable dags retrieved from /opt/airflow/dags/dag.py
[2023-10-13T22:36:33.682+0000] {processor.py:179} INFO - Processing /opt/airflow/dags/dag.py took 0.069 seconds
[2023-10-13T22:37:03.765+0000] {processor.py:157} INFO - Started process (PID=4416) to work on /opt/airflow/dags/dag.py
[2023-10-13T22:37:03.767+0000] {processor.py:829} INFO - Processing file /opt/airflow/dags/dag.py for tasks to queue
[2023-10-13T22:37:03.768+0000] {logging_mixin.py:151} INFO - [2023-10-13T22:37:03.768+0000] {dagbag.py:539} INFO - Filling up the DagBag from /opt/airflow/dags/dag.py
[2023-10-13T22:37:03.785+0000] {processor.py:841} WARNING - No viable dags retrieved from /opt/airflow/dags/dag.py
[2023-10-13T22:37:03.799+0000] {processor.py:179} INFO - Processing /opt/airflow/dags/dag.py took 0.038 seconds
[2023-10-13T22:37:34.123+0000] {processor.py:157} INFO - Started process (PID=4428) to work on /opt/airflow/dags/dag.py
[2023-10-13T22:37:34.125+0000] {processor.py:829} INFO - Processing file /opt/airflow/dags/dag.py for tasks to queue
[2023-10-13T22:37:34.126+0000] {logging_mixin.py:151} INFO - [2023-10-13T22:37:34.126+0000] {dagbag.py:539} INFO - Filling up the DagBag from /opt/airflow/dags/dag.py
[2023-10-13T22:37:34.144+0000] {processor.py:841} WARNING - No viable dags retrieved from /opt/airflow/dags/dag.py
[2023-10-13T22:37:34.157+0000] {processor.py:179} INFO - Processing /opt/airflow/dags/dag.py took 0.038 seconds
[2023-10-13T22:38:05.039+0000] {processor.py:157} INFO - Started process (PID=4440) to work on /opt/airflow/dags/dag.py
[2023-10-13T22:38:05.040+0000] {processor.py:829} INFO - Processing file /opt/airflow/dags/dag.py for tasks to queue
[2023-10-13T22:38:05.042+0000] {logging_mixin.py:151} INFO - [2023-10-13T22:38:05.041+0000] {dagbag.py:539} INFO - Filling up the DagBag from /opt/airflow/dags/dag.py
[2023-10-13T22:38:05.058+0000] {processor.py:841} WARNING - No viable dags retrieved from /opt/airflow/dags/dag.py
[2023-10-13T22:38:05.074+0000] {processor.py:179} INFO - Processing /opt/airflow/dags/dag.py took 0.039 seconds
[2023-10-13T22:38:35.902+0000] {processor.py:157} INFO - Started process (PID=4452) to work on /opt/airflow/dags/dag.py
[2023-10-13T22:38:35.904+0000] {processor.py:829} INFO - Processing file /opt/airflow/dags/dag.py for tasks to queue
[2023-10-13T22:38:35.905+0000] {logging_mixin.py:151} INFO - [2023-10-13T22:38:35.904+0000] {dagbag.py:539} INFO - Filling up the DagBag from /opt/airflow/dags/dag.py
[2023-10-13T22:38:35.922+0000] {processor.py:841} WARNING - No viable dags retrieved from /opt/airflow/dags/dag.py
[2023-10-13T22:38:35.938+0000] {processor.py:179} INFO - Processing /opt/airflow/dags/dag.py took 0.042 seconds
[2023-10-13T22:39:06.720+0000] {processor.py:157} INFO - Started process (PID=4464) to work on /opt/airflow/dags/dag.py
[2023-10-13T22:39:06.721+0000] {processor.py:829} INFO - Processing file /opt/airflow/dags/dag.py for tasks to queue
[2023-10-13T22:39:06.722+0000] {logging_mixin.py:151} INFO - [2023-10-13T22:39:06.722+0000] {dagbag.py:539} INFO - Filling up the DagBag from /opt/airflow/dags/dag.py
[2023-10-13T22:39:06.734+0000] {processor.py:841} WARNING - No viable dags retrieved from /opt/airflow/dags/dag.py
[2023-10-13T22:39:06.749+0000] {processor.py:179} INFO - Processing /opt/airflow/dags/dag.py took 0.033 seconds
[2023-10-13T22:40:27.713+0000] {processor.py:157} INFO - Started process (PID=4478) to work on /opt/airflow/dags/dag.py
[2023-10-13T22:40:27.762+0000] {processor.py:829} INFO - Processing file /opt/airflow/dags/dag.py for tasks to queue
[2023-10-13T22:40:27.783+0000] {logging_mixin.py:151} INFO - [2023-10-13T22:40:27.776+0000] {dagbag.py:539} INFO - Filling up the DagBag from /opt/airflow/dags/dag.py
[2023-10-13T22:40:27.870+0000] {processor.py:841} WARNING - No viable dags retrieved from /opt/airflow/dags/dag.py
[2023-10-13T22:41:43.583+0000] {processor.py:157} INFO - Started process (PID=4484) to work on /opt/airflow/dags/dag.py
[2023-10-13T22:41:43.585+0000] {processor.py:829} INFO - Processing file /opt/airflow/dags/dag.py for tasks to queue
[2023-10-13T22:41:43.587+0000] {logging_mixin.py:151} INFO - [2023-10-13T22:41:43.587+0000] {dagbag.py:539} INFO - Filling up the DagBag from /opt/airflow/dags/dag.py
[2023-10-13T22:41:43.615+0000] {processor.py:841} WARNING - No viable dags retrieved from /opt/airflow/dags/dag.py
[2023-10-13T22:41:43.638+0000] {processor.py:179} INFO - Processing /opt/airflow/dags/dag.py took 0.067 seconds
[2023-10-13T22:42:15.590+0000] {processor.py:157} INFO - Started process (PID=4495) to work on /opt/airflow/dags/dag.py
[2023-10-13T22:42:15.592+0000] {processor.py:829} INFO - Processing file /opt/airflow/dags/dag.py for tasks to queue
[2023-10-13T22:42:15.593+0000] {logging_mixin.py:151} INFO - [2023-10-13T22:42:15.593+0000] {dagbag.py:539} INFO - Filling up the DagBag from /opt/airflow/dags/dag.py
[2023-10-13T22:42:15.620+0000] {processor.py:841} WARNING - No viable dags retrieved from /opt/airflow/dags/dag.py
[2023-10-13T22:42:15.644+0000] {processor.py:179} INFO - Processing /opt/airflow/dags/dag.py took 0.058 seconds
[2023-10-13T22:43:34.856+0000] {processor.py:157} INFO - Started process (PID=4509) to work on /opt/airflow/dags/dag.py
[2023-10-13T22:43:34.879+0000] {processor.py:829} INFO - Processing file /opt/airflow/dags/dag.py for tasks to queue
[2023-10-13T22:43:34.880+0000] {logging_mixin.py:151} INFO - [2023-10-13T22:43:34.880+0000] {dagbag.py:539} INFO - Filling up the DagBag from /opt/airflow/dags/dag.py
[2023-10-13T22:43:35.029+0000] {processor.py:841} WARNING - No viable dags retrieved from /opt/airflow/dags/dag.py
[2023-10-13T22:43:35.402+0000] {processor.py:179} INFO - Processing /opt/airflow/dags/dag.py took 0.676 seconds
[2023-10-13T22:44:05.913+0000] {processor.py:157} INFO - Started process (PID=4522) to work on /opt/airflow/dags/dag.py
[2023-10-13T22:44:05.914+0000] {processor.py:829} INFO - Processing file /opt/airflow/dags/dag.py for tasks to queue
[2023-10-13T22:44:05.916+0000] {logging_mixin.py:151} INFO - [2023-10-13T22:44:05.916+0000] {dagbag.py:539} INFO - Filling up the DagBag from /opt/airflow/dags/dag.py
[2023-10-13T22:44:05.929+0000] {processor.py:841} WARNING - No viable dags retrieved from /opt/airflow/dags/dag.py
[2023-10-13T22:44:05.944+0000] {processor.py:179} INFO - Processing /opt/airflow/dags/dag.py took 0.035 seconds
[2023-10-13T22:44:36.474+0000] {processor.py:157} INFO - Started process (PID=4536) to work on /opt/airflow/dags/dag.py
[2023-10-13T22:44:36.482+0000] {processor.py:829} INFO - Processing file /opt/airflow/dags/dag.py for tasks to queue
[2023-10-13T22:44:36.484+0000] {logging_mixin.py:151} INFO - [2023-10-13T22:44:36.483+0000] {dagbag.py:539} INFO - Filling up the DagBag from /opt/airflow/dags/dag.py
[2023-10-13T22:44:36.500+0000] {processor.py:841} WARNING - No viable dags retrieved from /opt/airflow/dags/dag.py
[2023-10-13T22:44:36.514+0000] {processor.py:179} INFO - Processing /opt/airflow/dags/dag.py took 0.043 seconds
[2023-10-13T22:45:07.272+0000] {processor.py:157} INFO - Started process (PID=4550) to work on /opt/airflow/dags/dag.py
[2023-10-13T22:45:07.274+0000] {processor.py:829} INFO - Processing file /opt/airflow/dags/dag.py for tasks to queue
[2023-10-13T22:45:07.275+0000] {logging_mixin.py:151} INFO - [2023-10-13T22:45:07.275+0000] {dagbag.py:539} INFO - Filling up the DagBag from /opt/airflow/dags/dag.py
[2023-10-13T22:45:07.292+0000] {processor.py:841} WARNING - No viable dags retrieved from /opt/airflow/dags/dag.py
[2023-10-13T22:45:07.310+0000] {processor.py:179} INFO - Processing /opt/airflow/dags/dag.py took 0.043 seconds
[2023-10-13T22:45:37.450+0000] {processor.py:157} INFO - Started process (PID=4564) to work on /opt/airflow/dags/dag.py
[2023-10-13T22:45:37.451+0000] {processor.py:829} INFO - Processing file /opt/airflow/dags/dag.py for tasks to queue
[2023-10-13T22:45:37.453+0000] {logging_mixin.py:151} INFO - [2023-10-13T22:45:37.452+0000] {dagbag.py:539} INFO - Filling up the DagBag from /opt/airflow/dags/dag.py
[2023-10-13T22:45:37.472+0000] {processor.py:841} WARNING - No viable dags retrieved from /opt/airflow/dags/dag.py
[2023-10-13T22:45:37.489+0000] {processor.py:179} INFO - Processing /opt/airflow/dags/dag.py took 0.043 seconds
[2023-10-13T22:46:07.996+0000] {processor.py:157} INFO - Started process (PID=4579) to work on /opt/airflow/dags/dag.py
[2023-10-13T22:46:07.997+0000] {processor.py:829} INFO - Processing file /opt/airflow/dags/dag.py for tasks to queue
[2023-10-13T22:46:07.999+0000] {logging_mixin.py:151} INFO - [2023-10-13T22:46:07.998+0000] {dagbag.py:539} INFO - Filling up the DagBag from /opt/airflow/dags/dag.py
[2023-10-13T22:46:08.014+0000] {processor.py:841} WARNING - No viable dags retrieved from /opt/airflow/dags/dag.py
[2023-10-13T22:46:08.033+0000] {processor.py:179} INFO - Processing /opt/airflow/dags/dag.py took 0.043 seconds
[2023-10-13T22:46:38.349+0000] {processor.py:157} INFO - Started process (PID=4593) to work on /opt/airflow/dags/dag.py
[2023-10-13T22:46:38.350+0000] {processor.py:829} INFO - Processing file /opt/airflow/dags/dag.py for tasks to queue
[2023-10-13T22:46:38.351+0000] {logging_mixin.py:151} INFO - [2023-10-13T22:46:38.351+0000] {dagbag.py:539} INFO - Filling up the DagBag from /opt/airflow/dags/dag.py
[2023-10-13T22:46:38.366+0000] {processor.py:841} WARNING - No viable dags retrieved from /opt/airflow/dags/dag.py
[2023-10-13T22:46:38.380+0000] {processor.py:179} INFO - Processing /opt/airflow/dags/dag.py took 0.035 seconds
[2023-10-13T22:47:08.692+0000] {processor.py:157} INFO - Started process (PID=4607) to work on /opt/airflow/dags/dag.py
[2023-10-13T22:47:08.694+0000] {processor.py:829} INFO - Processing file /opt/airflow/dags/dag.py for tasks to queue
[2023-10-13T22:47:08.696+0000] {logging_mixin.py:151} INFO - [2023-10-13T22:47:08.695+0000] {dagbag.py:539} INFO - Filling up the DagBag from /opt/airflow/dags/dag.py
[2023-10-13T22:47:08.715+0000] {processor.py:841} WARNING - No viable dags retrieved from /opt/airflow/dags/dag.py
[2023-10-13T22:47:08.737+0000] {processor.py:179} INFO - Processing /opt/airflow/dags/dag.py took 0.050 seconds
[2023-10-13T22:47:39.078+0000] {processor.py:157} INFO - Started process (PID=4621) to work on /opt/airflow/dags/dag.py
[2023-10-13T22:47:39.080+0000] {processor.py:829} INFO - Processing file /opt/airflow/dags/dag.py for tasks to queue
[2023-10-13T22:47:39.081+0000] {logging_mixin.py:151} INFO - [2023-10-13T22:47:39.080+0000] {dagbag.py:539} INFO - Filling up the DagBag from /opt/airflow/dags/dag.py
[2023-10-13T22:47:39.095+0000] {processor.py:841} WARNING - No viable dags retrieved from /opt/airflow/dags/dag.py
[2023-10-13T22:47:39.115+0000] {processor.py:179} INFO - Processing /opt/airflow/dags/dag.py took 0.041 seconds
[2023-10-13T22:48:09.423+0000] {processor.py:157} INFO - Started process (PID=4635) to work on /opt/airflow/dags/dag.py
[2023-10-13T22:48:09.425+0000] {processor.py:829} INFO - Processing file /opt/airflow/dags/dag.py for tasks to queue
[2023-10-13T22:48:09.427+0000] {logging_mixin.py:151} INFO - [2023-10-13T22:48:09.426+0000] {dagbag.py:539} INFO - Filling up the DagBag from /opt/airflow/dags/dag.py
[2023-10-13T22:48:09.446+0000] {processor.py:841} WARNING - No viable dags retrieved from /opt/airflow/dags/dag.py
[2023-10-13T22:48:09.468+0000] {processor.py:179} INFO - Processing /opt/airflow/dags/dag.py took 0.051 seconds
[2023-10-13T22:48:39.842+0000] {processor.py:157} INFO - Started process (PID=4649) to work on /opt/airflow/dags/dag.py
[2023-10-13T22:48:39.845+0000] {processor.py:829} INFO - Processing file /opt/airflow/dags/dag.py for tasks to queue
[2023-10-13T22:48:39.846+0000] {logging_mixin.py:151} INFO - [2023-10-13T22:48:39.846+0000] {dagbag.py:539} INFO - Filling up the DagBag from /opt/airflow/dags/dag.py
[2023-10-13T22:48:39.867+0000] {processor.py:841} WARNING - No viable dags retrieved from /opt/airflow/dags/dag.py
[2023-10-13T22:48:39.883+0000] {processor.py:179} INFO - Processing /opt/airflow/dags/dag.py took 0.047 seconds
[2023-10-13T22:49:10.299+0000] {processor.py:157} INFO - Started process (PID=4663) to work on /opt/airflow/dags/dag.py
[2023-10-13T22:49:10.313+0000] {processor.py:829} INFO - Processing file /opt/airflow/dags/dag.py for tasks to queue
[2023-10-13T22:49:10.315+0000] {logging_mixin.py:151} INFO - [2023-10-13T22:49:10.314+0000] {dagbag.py:539} INFO - Filling up the DagBag from /opt/airflow/dags/dag.py
[2023-10-13T22:49:10.351+0000] {processor.py:841} WARNING - No viable dags retrieved from /opt/airflow/dags/dag.py
[2023-10-13T22:49:10.367+0000] {processor.py:179} INFO - Processing /opt/airflow/dags/dag.py took 0.072 seconds
[2023-10-13T22:49:40.792+0000] {processor.py:157} INFO - Started process (PID=4677) to work on /opt/airflow/dags/dag.py
[2023-10-13T22:49:40.794+0000] {processor.py:829} INFO - Processing file /opt/airflow/dags/dag.py for tasks to queue
[2023-10-13T22:49:40.796+0000] {logging_mixin.py:151} INFO - [2023-10-13T22:49:40.795+0000] {dagbag.py:539} INFO - Filling up the DagBag from /opt/airflow/dags/dag.py
[2023-10-13T22:49:40.816+0000] {processor.py:841} WARNING - No viable dags retrieved from /opt/airflow/dags/dag.py
[2023-10-13T22:49:40.839+0000] {processor.py:179} INFO - Processing /opt/airflow/dags/dag.py took 0.051 seconds
[2023-10-13T22:50:11.256+0000] {processor.py:157} INFO - Started process (PID=4691) to work on /opt/airflow/dags/dag.py
[2023-10-13T22:50:11.257+0000] {processor.py:829} INFO - Processing file /opt/airflow/dags/dag.py for tasks to queue
[2023-10-13T22:50:11.259+0000] {logging_mixin.py:151} INFO - [2023-10-13T22:50:11.259+0000] {dagbag.py:539} INFO - Filling up the DagBag from /opt/airflow/dags/dag.py
[2023-10-13T22:50:11.278+0000] {processor.py:841} WARNING - No viable dags retrieved from /opt/airflow/dags/dag.py
[2023-10-13T22:50:11.299+0000] {processor.py:179} INFO - Processing /opt/airflow/dags/dag.py took 0.049 seconds
[2023-10-13T22:50:41.653+0000] {processor.py:157} INFO - Started process (PID=4705) to work on /opt/airflow/dags/dag.py
[2023-10-13T22:50:41.655+0000] {processor.py:829} INFO - Processing file /opt/airflow/dags/dag.py for tasks to queue
[2023-10-13T22:50:41.656+0000] {logging_mixin.py:151} INFO - [2023-10-13T22:50:41.656+0000] {dagbag.py:539} INFO - Filling up the DagBag from /opt/airflow/dags/dag.py
[2023-10-13T22:50:41.673+0000] {processor.py:841} WARNING - No viable dags retrieved from /opt/airflow/dags/dag.py
[2023-10-13T22:50:41.689+0000] {processor.py:179} INFO - Processing /opt/airflow/dags/dag.py took 0.040 seconds
[2023-10-13T22:51:12.016+0000] {processor.py:157} INFO - Started process (PID=4719) to work on /opt/airflow/dags/dag.py
[2023-10-13T22:51:12.019+0000] {processor.py:829} INFO - Processing file /opt/airflow/dags/dag.py for tasks to queue
[2023-10-13T22:51:12.021+0000] {logging_mixin.py:151} INFO - [2023-10-13T22:51:12.020+0000] {dagbag.py:539} INFO - Filling up the DagBag from /opt/airflow/dags/dag.py
[2023-10-13T22:51:12.038+0000] {processor.py:841} WARNING - No viable dags retrieved from /opt/airflow/dags/dag.py
[2023-10-13T22:51:12.053+0000] {processor.py:179} INFO - Processing /opt/airflow/dags/dag.py took 0.043 seconds
[2023-10-13T22:51:42.531+0000] {processor.py:157} INFO - Started process (PID=4733) to work on /opt/airflow/dags/dag.py
[2023-10-13T22:51:42.532+0000] {processor.py:829} INFO - Processing file /opt/airflow/dags/dag.py for tasks to queue
[2023-10-13T22:51:42.533+0000] {logging_mixin.py:151} INFO - [2023-10-13T22:51:42.533+0000] {dagbag.py:539} INFO - Filling up the DagBag from /opt/airflow/dags/dag.py
[2023-10-13T22:51:42.552+0000] {processor.py:841} WARNING - No viable dags retrieved from /opt/airflow/dags/dag.py
[2023-10-13T22:51:42.568+0000] {processor.py:179} INFO - Processing /opt/airflow/dags/dag.py took 0.040 seconds
[2023-10-13T22:52:13.391+0000] {processor.py:157} INFO - Started process (PID=4748) to work on /opt/airflow/dags/dag.py
[2023-10-13T22:52:13.393+0000] {processor.py:829} INFO - Processing file /opt/airflow/dags/dag.py for tasks to queue
[2023-10-13T22:52:13.394+0000] {logging_mixin.py:151} INFO - [2023-10-13T22:52:13.394+0000] {dagbag.py:539} INFO - Filling up the DagBag from /opt/airflow/dags/dag.py
[2023-10-13T22:52:13.412+0000] {processor.py:841} WARNING - No viable dags retrieved from /opt/airflow/dags/dag.py
[2023-10-13T22:52:13.429+0000] {processor.py:179} INFO - Processing /opt/airflow/dags/dag.py took 0.041 seconds
[2023-10-13T22:52:44.230+0000] {processor.py:157} INFO - Started process (PID=4762) to work on /opt/airflow/dags/dag.py
[2023-10-13T22:52:44.231+0000] {processor.py:829} INFO - Processing file /opt/airflow/dags/dag.py for tasks to queue
[2023-10-13T22:52:44.233+0000] {logging_mixin.py:151} INFO - [2023-10-13T22:52:44.232+0000] {dagbag.py:539} INFO - Filling up the DagBag from /opt/airflow/dags/dag.py
[2023-10-13T22:52:44.251+0000] {processor.py:841} WARNING - No viable dags retrieved from /opt/airflow/dags/dag.py
[2023-10-13T22:52:44.266+0000] {processor.py:179} INFO - Processing /opt/airflow/dags/dag.py took 0.039 seconds
[2023-10-13T22:53:14.687+0000] {processor.py:157} INFO - Started process (PID=4776) to work on /opt/airflow/dags/dag.py
[2023-10-13T22:53:14.688+0000] {processor.py:829} INFO - Processing file /opt/airflow/dags/dag.py for tasks to queue
[2023-10-13T22:53:14.690+0000] {logging_mixin.py:151} INFO - [2023-10-13T22:53:14.689+0000] {dagbag.py:539} INFO - Filling up the DagBag from /opt/airflow/dags/dag.py
[2023-10-13T22:53:14.709+0000] {processor.py:841} WARNING - No viable dags retrieved from /opt/airflow/dags/dag.py
[2023-10-13T22:53:14.730+0000] {processor.py:179} INFO - Processing /opt/airflow/dags/dag.py took 0.047 seconds
[2023-10-13T22:53:45.076+0000] {processor.py:157} INFO - Started process (PID=4790) to work on /opt/airflow/dags/dag.py
[2023-10-13T22:53:45.077+0000] {processor.py:829} INFO - Processing file /opt/airflow/dags/dag.py for tasks to queue
[2023-10-13T22:53:45.078+0000] {logging_mixin.py:151} INFO - [2023-10-13T22:53:45.078+0000] {dagbag.py:539} INFO - Filling up the DagBag from /opt/airflow/dags/dag.py
[2023-10-13T22:53:45.098+0000] {processor.py:841} WARNING - No viable dags retrieved from /opt/airflow/dags/dag.py
[2023-10-13T22:53:45.124+0000] {processor.py:179} INFO - Processing /opt/airflow/dags/dag.py took 0.052 seconds
[2023-10-13T22:54:15.474+0000] {processor.py:157} INFO - Started process (PID=4804) to work on /opt/airflow/dags/dag.py
[2023-10-13T22:54:15.475+0000] {processor.py:829} INFO - Processing file /opt/airflow/dags/dag.py for tasks to queue
[2023-10-13T22:54:15.476+0000] {logging_mixin.py:151} INFO - [2023-10-13T22:54:15.476+0000] {dagbag.py:539} INFO - Filling up the DagBag from /opt/airflow/dags/dag.py
[2023-10-13T22:54:15.496+0000] {processor.py:841} WARNING - No viable dags retrieved from /opt/airflow/dags/dag.py
[2023-10-13T22:54:15.516+0000] {processor.py:179} INFO - Processing /opt/airflow/dags/dag.py took 0.045 seconds
[2023-10-13T22:54:45.984+0000] {processor.py:157} INFO - Started process (PID=4818) to work on /opt/airflow/dags/dag.py
[2023-10-13T22:54:45.985+0000] {processor.py:829} INFO - Processing file /opt/airflow/dags/dag.py for tasks to queue
[2023-10-13T22:54:45.987+0000] {logging_mixin.py:151} INFO - [2023-10-13T22:54:45.986+0000] {dagbag.py:539} INFO - Filling up the DagBag from /opt/airflow/dags/dag.py
[2023-10-13T22:54:46.008+0000] {processor.py:841} WARNING - No viable dags retrieved from /opt/airflow/dags/dag.py
[2023-10-13T22:54:46.027+0000] {processor.py:179} INFO - Processing /opt/airflow/dags/dag.py took 0.047 seconds
[2023-10-13T22:55:16.350+0000] {processor.py:157} INFO - Started process (PID=4832) to work on /opt/airflow/dags/dag.py
[2023-10-13T22:55:16.351+0000] {processor.py:829} INFO - Processing file /opt/airflow/dags/dag.py for tasks to queue
[2023-10-13T22:55:16.352+0000] {logging_mixin.py:151} INFO - [2023-10-13T22:55:16.352+0000] {dagbag.py:539} INFO - Filling up the DagBag from /opt/airflow/dags/dag.py
[2023-10-13T22:55:16.365+0000] {processor.py:841} WARNING - No viable dags retrieved from /opt/airflow/dags/dag.py
[2023-10-13T22:55:16.380+0000] {processor.py:179} INFO - Processing /opt/airflow/dags/dag.py took 0.033 seconds
[2023-10-13T22:55:46.746+0000] {processor.py:157} INFO - Started process (PID=4846) to work on /opt/airflow/dags/dag.py
[2023-10-13T22:55:46.747+0000] {processor.py:829} INFO - Processing file /opt/airflow/dags/dag.py for tasks to queue
[2023-10-13T22:55:46.748+0000] {logging_mixin.py:151} INFO - [2023-10-13T22:55:46.748+0000] {dagbag.py:539} INFO - Filling up the DagBag from /opt/airflow/dags/dag.py
[2023-10-13T22:55:46.766+0000] {processor.py:841} WARNING - No viable dags retrieved from /opt/airflow/dags/dag.py
[2023-10-13T22:55:46.781+0000] {processor.py:179} INFO - Processing /opt/airflow/dags/dag.py took 0.039 seconds
[2023-10-13T22:56:17.136+0000] {processor.py:157} INFO - Started process (PID=4860) to work on /opt/airflow/dags/dag.py
[2023-10-13T22:56:17.137+0000] {processor.py:829} INFO - Processing file /opt/airflow/dags/dag.py for tasks to queue
[2023-10-13T22:56:17.139+0000] {logging_mixin.py:151} INFO - [2023-10-13T22:56:17.139+0000] {dagbag.py:539} INFO - Filling up the DagBag from /opt/airflow/dags/dag.py
[2023-10-13T22:56:17.156+0000] {processor.py:841} WARNING - No viable dags retrieved from /opt/airflow/dags/dag.py
[2023-10-13T22:56:17.173+0000] {processor.py:179} INFO - Processing /opt/airflow/dags/dag.py took 0.042 seconds
[2023-10-13T22:56:47.529+0000] {processor.py:157} INFO - Started process (PID=4874) to work on /opt/airflow/dags/dag.py
[2023-10-13T22:56:47.532+0000] {processor.py:829} INFO - Processing file /opt/airflow/dags/dag.py for tasks to queue
[2023-10-13T22:56:47.534+0000] {logging_mixin.py:151} INFO - [2023-10-13T22:56:47.533+0000] {dagbag.py:539} INFO - Filling up the DagBag from /opt/airflow/dags/dag.py
[2023-10-13T22:56:47.554+0000] {processor.py:841} WARNING - No viable dags retrieved from /opt/airflow/dags/dag.py
[2023-10-13T22:56:47.575+0000] {processor.py:179} INFO - Processing /opt/airflow/dags/dag.py took 0.051 seconds
[2023-10-13T22:57:17.943+0000] {processor.py:157} INFO - Started process (PID=4888) to work on /opt/airflow/dags/dag.py
[2023-10-13T22:57:17.944+0000] {processor.py:829} INFO - Processing file /opt/airflow/dags/dag.py for tasks to queue
[2023-10-13T22:57:17.945+0000] {logging_mixin.py:151} INFO - [2023-10-13T22:57:17.945+0000] {dagbag.py:539} INFO - Filling up the DagBag from /opt/airflow/dags/dag.py
[2023-10-13T22:57:17.961+0000] {processor.py:841} WARNING - No viable dags retrieved from /opt/airflow/dags/dag.py
[2023-10-13T22:57:17.976+0000] {processor.py:179} INFO - Processing /opt/airflow/dags/dag.py took 0.038 seconds
[2023-10-13T22:57:48.297+0000] {processor.py:157} INFO - Started process (PID=4903) to work on /opt/airflow/dags/dag.py
[2023-10-13T22:57:48.299+0000] {processor.py:829} INFO - Processing file /opt/airflow/dags/dag.py for tasks to queue
[2023-10-13T22:57:48.301+0000] {logging_mixin.py:151} INFO - [2023-10-13T22:57:48.300+0000] {dagbag.py:539} INFO - Filling up the DagBag from /opt/airflow/dags/dag.py
[2023-10-13T22:57:48.322+0000] {processor.py:841} WARNING - No viable dags retrieved from /opt/airflow/dags/dag.py
[2023-10-13T22:57:48.337+0000] {processor.py:179} INFO - Processing /opt/airflow/dags/dag.py took 0.047 seconds
[2023-10-13T22:58:18.598+0000] {processor.py:157} INFO - Started process (PID=4917) to work on /opt/airflow/dags/dag.py
[2023-10-13T22:58:18.600+0000] {processor.py:829} INFO - Processing file /opt/airflow/dags/dag.py for tasks to queue
[2023-10-13T22:58:18.601+0000] {logging_mixin.py:151} INFO - [2023-10-13T22:58:18.601+0000] {dagbag.py:539} INFO - Filling up the DagBag from /opt/airflow/dags/dag.py
[2023-10-13T22:58:18.623+0000] {processor.py:841} WARNING - No viable dags retrieved from /opt/airflow/dags/dag.py
[2023-10-13T22:58:18.641+0000] {processor.py:179} INFO - Processing /opt/airflow/dags/dag.py took 0.048 seconds
[2023-10-13T22:58:48.969+0000] {processor.py:157} INFO - Started process (PID=4931) to work on /opt/airflow/dags/dag.py
[2023-10-13T22:58:48.971+0000] {processor.py:829} INFO - Processing file /opt/airflow/dags/dag.py for tasks to queue
[2023-10-13T22:58:48.972+0000] {logging_mixin.py:151} INFO - [2023-10-13T22:58:48.972+0000] {dagbag.py:539} INFO - Filling up the DagBag from /opt/airflow/dags/dag.py
[2023-10-13T22:58:48.987+0000] {processor.py:841} WARNING - No viable dags retrieved from /opt/airflow/dags/dag.py
[2023-10-13T22:58:49.002+0000] {processor.py:179} INFO - Processing /opt/airflow/dags/dag.py took 0.036 seconds
[2023-10-13T22:59:19.309+0000] {processor.py:157} INFO - Started process (PID=4945) to work on /opt/airflow/dags/dag.py
[2023-10-13T22:59:19.312+0000] {processor.py:829} INFO - Processing file /opt/airflow/dags/dag.py for tasks to queue
[2023-10-13T22:59:19.314+0000] {logging_mixin.py:151} INFO - [2023-10-13T22:59:19.313+0000] {dagbag.py:539} INFO - Filling up the DagBag from /opt/airflow/dags/dag.py
[2023-10-13T22:59:19.334+0000] {processor.py:841} WARNING - No viable dags retrieved from /opt/airflow/dags/dag.py
[2023-10-13T22:59:19.354+0000] {processor.py:179} INFO - Processing /opt/airflow/dags/dag.py took 0.050 seconds
[2023-10-13T22:59:49.800+0000] {processor.py:157} INFO - Started process (PID=4959) to work on /opt/airflow/dags/dag.py
[2023-10-13T22:59:49.801+0000] {processor.py:829} INFO - Processing file /opt/airflow/dags/dag.py for tasks to queue
[2023-10-13T22:59:49.802+0000] {logging_mixin.py:151} INFO - [2023-10-13T22:59:49.802+0000] {dagbag.py:539} INFO - Filling up the DagBag from /opt/airflow/dags/dag.py
[2023-10-13T22:59:49.821+0000] {processor.py:841} WARNING - No viable dags retrieved from /opt/airflow/dags/dag.py
[2023-10-13T22:59:49.836+0000] {processor.py:179} INFO - Processing /opt/airflow/dags/dag.py took 0.042 seconds
[2023-10-13T23:00:20.083+0000] {processor.py:157} INFO - Started process (PID=4973) to work on /opt/airflow/dags/dag.py
[2023-10-13T23:00:20.084+0000] {processor.py:829} INFO - Processing file /opt/airflow/dags/dag.py for tasks to queue
[2023-10-13T23:00:20.085+0000] {logging_mixin.py:151} INFO - [2023-10-13T23:00:20.085+0000] {dagbag.py:539} INFO - Filling up the DagBag from /opt/airflow/dags/dag.py
[2023-10-13T23:00:20.097+0000] {processor.py:841} WARNING - No viable dags retrieved from /opt/airflow/dags/dag.py
[2023-10-13T23:00:20.111+0000] {processor.py:179} INFO - Processing /opt/airflow/dags/dag.py took 0.033 seconds
[2023-10-13T23:00:50.581+0000] {processor.py:157} INFO - Started process (PID=4987) to work on /opt/airflow/dags/dag.py
[2023-10-13T23:00:50.582+0000] {processor.py:829} INFO - Processing file /opt/airflow/dags/dag.py for tasks to queue
[2023-10-13T23:00:50.584+0000] {logging_mixin.py:151} INFO - [2023-10-13T23:00:50.583+0000] {dagbag.py:539} INFO - Filling up the DagBag from /opt/airflow/dags/dag.py
[2023-10-13T23:00:50.596+0000] {processor.py:841} WARNING - No viable dags retrieved from /opt/airflow/dags/dag.py
[2023-10-13T23:00:50.615+0000] {processor.py:179} INFO - Processing /opt/airflow/dags/dag.py took 0.039 seconds
[2023-10-13T23:01:20.664+0000] {processor.py:157} INFO - Started process (PID=4999) to work on /opt/airflow/dags/dag.py
[2023-10-13T23:01:20.665+0000] {processor.py:829} INFO - Processing file /opt/airflow/dags/dag.py for tasks to queue
[2023-10-13T23:01:20.666+0000] {logging_mixin.py:151} INFO - [2023-10-13T23:01:20.666+0000] {dagbag.py:539} INFO - Filling up the DagBag from /opt/airflow/dags/dag.py
[2023-10-13T23:01:20.678+0000] {processor.py:841} WARNING - No viable dags retrieved from /opt/airflow/dags/dag.py
[2023-10-13T23:01:20.694+0000] {processor.py:179} INFO - Processing /opt/airflow/dags/dag.py took 0.033 seconds
[2023-10-13T23:01:51.029+0000] {processor.py:157} INFO - Started process (PID=5010) to work on /opt/airflow/dags/dag.py
[2023-10-13T23:01:51.031+0000] {processor.py:829} INFO - Processing file /opt/airflow/dags/dag.py for tasks to queue
[2023-10-13T23:01:51.033+0000] {logging_mixin.py:151} INFO - [2023-10-13T23:01:51.032+0000] {dagbag.py:539} INFO - Filling up the DagBag from /opt/airflow/dags/dag.py
[2023-10-13T23:01:51.048+0000] {processor.py:841} WARNING - No viable dags retrieved from /opt/airflow/dags/dag.py
[2023-10-13T23:01:51.064+0000] {processor.py:179} INFO - Processing /opt/airflow/dags/dag.py took 0.039 seconds
[2023-10-13T23:02:21.332+0000] {processor.py:157} INFO - Started process (PID=5023) to work on /opt/airflow/dags/dag.py
[2023-10-13T23:02:21.333+0000] {processor.py:829} INFO - Processing file /opt/airflow/dags/dag.py for tasks to queue
[2023-10-13T23:02:21.334+0000] {logging_mixin.py:151} INFO - [2023-10-13T23:02:21.334+0000] {dagbag.py:539} INFO - Filling up the DagBag from /opt/airflow/dags/dag.py
[2023-10-13T23:02:21.348+0000] {processor.py:841} WARNING - No viable dags retrieved from /opt/airflow/dags/dag.py
[2023-10-13T23:02:21.364+0000] {processor.py:179} INFO - Processing /opt/airflow/dags/dag.py took 0.037 seconds
[2023-10-13T23:02:51.721+0000] {processor.py:157} INFO - Started process (PID=5037) to work on /opt/airflow/dags/dag.py
[2023-10-13T23:02:51.723+0000] {processor.py:829} INFO - Processing file /opt/airflow/dags/dag.py for tasks to queue
[2023-10-13T23:02:51.725+0000] {logging_mixin.py:151} INFO - [2023-10-13T23:02:51.725+0000] {dagbag.py:539} INFO - Filling up the DagBag from /opt/airflow/dags/dag.py
[2023-10-13T23:02:51.738+0000] {processor.py:841} WARNING - No viable dags retrieved from /opt/airflow/dags/dag.py
[2023-10-13T23:02:51.756+0000] {processor.py:179} INFO - Processing /opt/airflow/dags/dag.py took 0.041 seconds
[2023-10-13T23:03:22.537+0000] {processor.py:157} INFO - Started process (PID=5051) to work on /opt/airflow/dags/dag.py
[2023-10-13T23:03:22.538+0000] {processor.py:829} INFO - Processing file /opt/airflow/dags/dag.py for tasks to queue
[2023-10-13T23:03:22.539+0000] {logging_mixin.py:151} INFO - [2023-10-13T23:03:22.539+0000] {dagbag.py:539} INFO - Filling up the DagBag from /opt/airflow/dags/dag.py
[2023-10-13T23:03:22.552+0000] {processor.py:841} WARNING - No viable dags retrieved from /opt/airflow/dags/dag.py
[2023-10-13T23:03:22.569+0000] {processor.py:179} INFO - Processing /opt/airflow/dags/dag.py took 0.037 seconds
[2023-10-13T23:03:52.840+0000] {processor.py:157} INFO - Started process (PID=5066) to work on /opt/airflow/dags/dag.py
[2023-10-13T23:03:52.842+0000] {processor.py:829} INFO - Processing file /opt/airflow/dags/dag.py for tasks to queue
[2023-10-13T23:03:52.843+0000] {logging_mixin.py:151} INFO - [2023-10-13T23:03:52.842+0000] {dagbag.py:539} INFO - Filling up the DagBag from /opt/airflow/dags/dag.py
[2023-10-13T23:03:52.861+0000] {processor.py:841} WARNING - No viable dags retrieved from /opt/airflow/dags/dag.py
[2023-10-13T23:03:52.875+0000] {processor.py:179} INFO - Processing /opt/airflow/dags/dag.py took 0.039 seconds
[2023-10-13T23:04:23.078+0000] {processor.py:157} INFO - Started process (PID=5080) to work on /opt/airflow/dags/dag.py
[2023-10-13T23:04:23.079+0000] {processor.py:829} INFO - Processing file /opt/airflow/dags/dag.py for tasks to queue
[2023-10-13T23:04:23.080+0000] {logging_mixin.py:151} INFO - [2023-10-13T23:04:23.080+0000] {dagbag.py:539} INFO - Filling up the DagBag from /opt/airflow/dags/dag.py
[2023-10-13T23:04:23.094+0000] {processor.py:841} WARNING - No viable dags retrieved from /opt/airflow/dags/dag.py
[2023-10-13T23:04:23.109+0000] {processor.py:179} INFO - Processing /opt/airflow/dags/dag.py took 0.034 seconds
[2023-10-13T23:04:53.535+0000] {processor.py:157} INFO - Started process (PID=5094) to work on /opt/airflow/dags/dag.py
[2023-10-13T23:04:53.536+0000] {processor.py:829} INFO - Processing file /opt/airflow/dags/dag.py for tasks to queue
[2023-10-13T23:04:53.537+0000] {logging_mixin.py:151} INFO - [2023-10-13T23:04:53.537+0000] {dagbag.py:539} INFO - Filling up the DagBag from /opt/airflow/dags/dag.py
[2023-10-13T23:04:53.557+0000] {processor.py:841} WARNING - No viable dags retrieved from /opt/airflow/dags/dag.py
[2023-10-13T23:04:53.573+0000] {processor.py:179} INFO - Processing /opt/airflow/dags/dag.py took 0.041 seconds
[2023-10-13T23:05:23.861+0000] {processor.py:157} INFO - Started process (PID=5108) to work on /opt/airflow/dags/dag.py
[2023-10-13T23:05:23.863+0000] {processor.py:829} INFO - Processing file /opt/airflow/dags/dag.py for tasks to queue
[2023-10-13T23:05:23.864+0000] {logging_mixin.py:151} INFO - [2023-10-13T23:05:23.864+0000] {dagbag.py:539} INFO - Filling up the DagBag from /opt/airflow/dags/dag.py
[2023-10-13T23:05:23.880+0000] {processor.py:841} WARNING - No viable dags retrieved from /opt/airflow/dags/dag.py
[2023-10-13T23:05:23.893+0000] {processor.py:179} INFO - Processing /opt/airflow/dags/dag.py took 0.035 seconds
[2023-10-13T23:05:54.088+0000] {processor.py:157} INFO - Started process (PID=5122) to work on /opt/airflow/dags/dag.py
[2023-10-13T23:05:54.089+0000] {processor.py:829} INFO - Processing file /opt/airflow/dags/dag.py for tasks to queue
[2023-10-13T23:05:54.090+0000] {logging_mixin.py:151} INFO - [2023-10-13T23:05:54.090+0000] {dagbag.py:539} INFO - Filling up the DagBag from /opt/airflow/dags/dag.py
[2023-10-13T23:05:54.108+0000] {processor.py:841} WARNING - No viable dags retrieved from /opt/airflow/dags/dag.py
[2023-10-13T23:05:54.162+0000] {processor.py:179} INFO - Processing /opt/airflow/dags/dag.py took 0.078 seconds
[2023-10-13T23:06:24.400+0000] {processor.py:157} INFO - Started process (PID=5136) to work on /opt/airflow/dags/dag.py
[2023-10-13T23:06:24.401+0000] {processor.py:829} INFO - Processing file /opt/airflow/dags/dag.py for tasks to queue
[2023-10-13T23:06:24.402+0000] {logging_mixin.py:151} INFO - [2023-10-13T23:06:24.401+0000] {dagbag.py:539} INFO - Filling up the DagBag from /opt/airflow/dags/dag.py
[2023-10-13T23:06:24.420+0000] {processor.py:841} WARNING - No viable dags retrieved from /opt/airflow/dags/dag.py
[2023-10-13T23:06:24.437+0000] {processor.py:179} INFO - Processing /opt/airflow/dags/dag.py took 0.042 seconds
[2023-10-13T23:06:54.761+0000] {processor.py:157} INFO - Started process (PID=5150) to work on /opt/airflow/dags/dag.py
[2023-10-13T23:06:54.763+0000] {processor.py:829} INFO - Processing file /opt/airflow/dags/dag.py for tasks to queue
[2023-10-13T23:06:54.764+0000] {logging_mixin.py:151} INFO - [2023-10-13T23:06:54.764+0000] {dagbag.py:539} INFO - Filling up the DagBag from /opt/airflow/dags/dag.py
[2023-10-13T23:06:54.785+0000] {processor.py:841} WARNING - No viable dags retrieved from /opt/airflow/dags/dag.py
[2023-10-13T23:06:54.800+0000] {processor.py:179} INFO - Processing /opt/airflow/dags/dag.py took 0.042 seconds
[2023-10-13T23:07:25.139+0000] {processor.py:157} INFO - Started process (PID=5164) to work on /opt/airflow/dags/dag.py
[2023-10-13T23:07:25.140+0000] {processor.py:829} INFO - Processing file /opt/airflow/dags/dag.py for tasks to queue
[2023-10-13T23:07:25.141+0000] {logging_mixin.py:151} INFO - [2023-10-13T23:07:25.141+0000] {dagbag.py:539} INFO - Filling up the DagBag from /opt/airflow/dags/dag.py
[2023-10-13T23:07:25.156+0000] {processor.py:841} WARNING - No viable dags retrieved from /opt/airflow/dags/dag.py
[2023-10-13T23:07:25.173+0000] {processor.py:179} INFO - Processing /opt/airflow/dags/dag.py took 0.039 seconds
[2023-10-13T23:07:55.433+0000] {processor.py:157} INFO - Started process (PID=5178) to work on /opt/airflow/dags/dag.py
[2023-10-13T23:07:55.435+0000] {processor.py:829} INFO - Processing file /opt/airflow/dags/dag.py for tasks to queue
[2023-10-13T23:07:55.437+0000] {logging_mixin.py:151} INFO - [2023-10-13T23:07:55.436+0000] {dagbag.py:539} INFO - Filling up the DagBag from /opt/airflow/dags/dag.py
[2023-10-13T23:07:55.462+0000] {processor.py:841} WARNING - No viable dags retrieved from /opt/airflow/dags/dag.py
[2023-10-13T23:07:55.480+0000] {processor.py:179} INFO - Processing /opt/airflow/dags/dag.py took 0.052 seconds
[2023-10-13T23:08:25.779+0000] {processor.py:157} INFO - Started process (PID=5192) to work on /opt/airflow/dags/dag.py
[2023-10-13T23:08:25.780+0000] {processor.py:829} INFO - Processing file /opt/airflow/dags/dag.py for tasks to queue
[2023-10-13T23:08:25.781+0000] {logging_mixin.py:151} INFO - [2023-10-13T23:08:25.781+0000] {dagbag.py:539} INFO - Filling up the DagBag from /opt/airflow/dags/dag.py
[2023-10-13T23:08:25.797+0000] {processor.py:841} WARNING - No viable dags retrieved from /opt/airflow/dags/dag.py
[2023-10-13T23:08:25.813+0000] {processor.py:179} INFO - Processing /opt/airflow/dags/dag.py took 0.039 seconds
[2023-10-13T23:08:56.064+0000] {processor.py:157} INFO - Started process (PID=5206) to work on /opt/airflow/dags/dag.py
[2023-10-13T23:08:56.065+0000] {processor.py:829} INFO - Processing file /opt/airflow/dags/dag.py for tasks to queue
[2023-10-13T23:08:56.066+0000] {logging_mixin.py:151} INFO - [2023-10-13T23:08:56.066+0000] {dagbag.py:539} INFO - Filling up the DagBag from /opt/airflow/dags/dag.py
[2023-10-13T23:08:56.080+0000] {processor.py:841} WARNING - No viable dags retrieved from /opt/airflow/dags/dag.py
[2023-10-13T23:08:56.095+0000] {processor.py:179} INFO - Processing /opt/airflow/dags/dag.py took 0.035 seconds
[2023-10-13T23:09:26.430+0000] {processor.py:157} INFO - Started process (PID=5220) to work on /opt/airflow/dags/dag.py
[2023-10-13T23:09:26.432+0000] {processor.py:829} INFO - Processing file /opt/airflow/dags/dag.py for tasks to queue
[2023-10-13T23:09:26.433+0000] {logging_mixin.py:151} INFO - [2023-10-13T23:09:26.433+0000] {dagbag.py:539} INFO - Filling up the DagBag from /opt/airflow/dags/dag.py
[2023-10-13T23:09:26.447+0000] {processor.py:841} WARNING - No viable dags retrieved from /opt/airflow/dags/dag.py
[2023-10-13T23:09:26.460+0000] {processor.py:179} INFO - Processing /opt/airflow/dags/dag.py took 0.035 seconds
[2023-10-13T23:09:56.904+0000] {processor.py:157} INFO - Started process (PID=5234) to work on /opt/airflow/dags/dag.py
[2023-10-13T23:09:56.906+0000] {processor.py:829} INFO - Processing file /opt/airflow/dags/dag.py for tasks to queue
[2023-10-13T23:09:56.907+0000] {logging_mixin.py:151} INFO - [2023-10-13T23:09:56.906+0000] {dagbag.py:539} INFO - Filling up the DagBag from /opt/airflow/dags/dag.py
[2023-10-13T23:09:56.922+0000] {processor.py:841} WARNING - No viable dags retrieved from /opt/airflow/dags/dag.py
[2023-10-13T23:09:56.938+0000] {processor.py:179} INFO - Processing /opt/airflow/dags/dag.py took 0.040 seconds
[2023-10-13T23:10:27.261+0000] {processor.py:157} INFO - Started process (PID=5248) to work on /opt/airflow/dags/dag.py
[2023-10-13T23:10:27.263+0000] {processor.py:829} INFO - Processing file /opt/airflow/dags/dag.py for tasks to queue
[2023-10-13T23:10:27.264+0000] {logging_mixin.py:151} INFO - [2023-10-13T23:10:27.263+0000] {dagbag.py:539} INFO - Filling up the DagBag from /opt/airflow/dags/dag.py
[2023-10-13T23:10:27.281+0000] {processor.py:841} WARNING - No viable dags retrieved from /opt/airflow/dags/dag.py
[2023-10-13T23:10:27.295+0000] {processor.py:179} INFO - Processing /opt/airflow/dags/dag.py took 0.037 seconds
[2023-10-13T23:10:57.564+0000] {processor.py:157} INFO - Started process (PID=5262) to work on /opt/airflow/dags/dag.py
[2023-10-13T23:10:57.566+0000] {processor.py:829} INFO - Processing file /opt/airflow/dags/dag.py for tasks to queue
[2023-10-13T23:10:57.567+0000] {logging_mixin.py:151} INFO - [2023-10-13T23:10:57.567+0000] {dagbag.py:539} INFO - Filling up the DagBag from /opt/airflow/dags/dag.py
[2023-10-13T23:10:57.580+0000] {processor.py:841} WARNING - No viable dags retrieved from /opt/airflow/dags/dag.py
[2023-10-13T23:10:57.595+0000] {processor.py:179} INFO - Processing /opt/airflow/dags/dag.py took 0.035 seconds
[2023-10-13T23:11:27.842+0000] {processor.py:157} INFO - Started process (PID=5276) to work on /opt/airflow/dags/dag.py
[2023-10-13T23:11:27.843+0000] {processor.py:829} INFO - Processing file /opt/airflow/dags/dag.py for tasks to queue
[2023-10-13T23:11:27.844+0000] {logging_mixin.py:151} INFO - [2023-10-13T23:11:27.844+0000] {dagbag.py:539} INFO - Filling up the DagBag from /opt/airflow/dags/dag.py
[2023-10-13T23:11:27.861+0000] {processor.py:841} WARNING - No viable dags retrieved from /opt/airflow/dags/dag.py
[2023-10-13T23:11:27.876+0000] {processor.py:179} INFO - Processing /opt/airflow/dags/dag.py took 0.038 seconds
[2023-10-13T23:11:58.047+0000] {processor.py:157} INFO - Started process (PID=5290) to work on /opt/airflow/dags/dag.py
[2023-10-13T23:11:58.048+0000] {processor.py:829} INFO - Processing file /opt/airflow/dags/dag.py for tasks to queue
[2023-10-13T23:11:58.049+0000] {logging_mixin.py:151} INFO - [2023-10-13T23:11:58.049+0000] {dagbag.py:539} INFO - Filling up the DagBag from /opt/airflow/dags/dag.py
[2023-10-13T23:11:58.064+0000] {processor.py:841} WARNING - No viable dags retrieved from /opt/airflow/dags/dag.py
[2023-10-13T23:11:58.078+0000] {processor.py:179} INFO - Processing /opt/airflow/dags/dag.py took 0.035 seconds
[2023-10-13T23:12:28.389+0000] {processor.py:157} INFO - Started process (PID=5304) to work on /opt/airflow/dags/dag.py
[2023-10-13T23:12:28.390+0000] {processor.py:829} INFO - Processing file /opt/airflow/dags/dag.py for tasks to queue
[2023-10-13T23:12:28.392+0000] {logging_mixin.py:151} INFO - [2023-10-13T23:12:28.391+0000] {dagbag.py:539} INFO - Filling up the DagBag from /opt/airflow/dags/dag.py
[2023-10-13T23:12:28.409+0000] {processor.py:841} WARNING - No viable dags retrieved from /opt/airflow/dags/dag.py
[2023-10-13T23:12:28.428+0000] {processor.py:179} INFO - Processing /opt/airflow/dags/dag.py took 0.043 seconds
[2023-10-13T23:12:58.741+0000] {processor.py:157} INFO - Started process (PID=5318) to work on /opt/airflow/dags/dag.py
[2023-10-13T23:12:58.743+0000] {processor.py:829} INFO - Processing file /opt/airflow/dags/dag.py for tasks to queue
[2023-10-13T23:12:58.745+0000] {logging_mixin.py:151} INFO - [2023-10-13T23:12:58.744+0000] {dagbag.py:539} INFO - Filling up the DagBag from /opt/airflow/dags/dag.py
[2023-10-13T23:12:58.758+0000] {processor.py:841} WARNING - No viable dags retrieved from /opt/airflow/dags/dag.py
[2023-10-13T23:12:58.778+0000] {processor.py:179} INFO - Processing /opt/airflow/dags/dag.py took 0.040 seconds
[2023-10-13T23:13:29.084+0000] {processor.py:157} INFO - Started process (PID=5332) to work on /opt/airflow/dags/dag.py
[2023-10-13T23:13:29.085+0000] {processor.py:829} INFO - Processing file /opt/airflow/dags/dag.py for tasks to queue
[2023-10-13T23:13:29.087+0000] {logging_mixin.py:151} INFO - [2023-10-13T23:13:29.087+0000] {dagbag.py:539} INFO - Filling up the DagBag from /opt/airflow/dags/dag.py
[2023-10-13T23:13:29.102+0000] {processor.py:841} WARNING - No viable dags retrieved from /opt/airflow/dags/dag.py
[2023-10-13T23:13:29.117+0000] {processor.py:179} INFO - Processing /opt/airflow/dags/dag.py took 0.036 seconds
[2023-10-13T23:13:59.339+0000] {processor.py:157} INFO - Started process (PID=5346) to work on /opt/airflow/dags/dag.py
[2023-10-13T23:13:59.340+0000] {processor.py:829} INFO - Processing file /opt/airflow/dags/dag.py for tasks to queue
[2023-10-13T23:13:59.341+0000] {logging_mixin.py:151} INFO - [2023-10-13T23:13:59.341+0000] {dagbag.py:539} INFO - Filling up the DagBag from /opt/airflow/dags/dag.py
[2023-10-13T23:13:59.354+0000] {processor.py:841} WARNING - No viable dags retrieved from /opt/airflow/dags/dag.py
[2023-10-13T23:13:59.370+0000] {processor.py:179} INFO - Processing /opt/airflow/dags/dag.py took 0.036 seconds
[2023-10-13T23:14:29.813+0000] {processor.py:157} INFO - Started process (PID=5360) to work on /opt/airflow/dags/dag.py
[2023-10-13T23:14:29.815+0000] {processor.py:829} INFO - Processing file /opt/airflow/dags/dag.py for tasks to queue
[2023-10-13T23:14:29.816+0000] {logging_mixin.py:151} INFO - [2023-10-13T23:14:29.816+0000] {dagbag.py:539} INFO - Filling up the DagBag from /opt/airflow/dags/dag.py
[2023-10-13T23:14:29.833+0000] {processor.py:841} WARNING - No viable dags retrieved from /opt/airflow/dags/dag.py
[2023-10-13T23:14:29.852+0000] {processor.py:179} INFO - Processing /opt/airflow/dags/dag.py took 0.043 seconds
[2023-10-13T23:15:00.260+0000] {processor.py:157} INFO - Started process (PID=5374) to work on /opt/airflow/dags/dag.py
[2023-10-13T23:15:00.261+0000] {processor.py:829} INFO - Processing file /opt/airflow/dags/dag.py for tasks to queue
[2023-10-13T23:15:00.263+0000] {logging_mixin.py:151} INFO - [2023-10-13T23:15:00.262+0000] {dagbag.py:539} INFO - Filling up the DagBag from /opt/airflow/dags/dag.py
[2023-10-13T23:15:00.274+0000] {processor.py:841} WARNING - No viable dags retrieved from /opt/airflow/dags/dag.py
[2023-10-13T23:15:00.290+0000] {processor.py:179} INFO - Processing /opt/airflow/dags/dag.py took 0.033 seconds
[2023-10-13T23:15:30.564+0000] {processor.py:157} INFO - Started process (PID=5388) to work on /opt/airflow/dags/dag.py
[2023-10-13T23:15:30.565+0000] {processor.py:829} INFO - Processing file /opt/airflow/dags/dag.py for tasks to queue
[2023-10-13T23:15:30.566+0000] {logging_mixin.py:151} INFO - [2023-10-13T23:15:30.566+0000] {dagbag.py:539} INFO - Filling up the DagBag from /opt/airflow/dags/dag.py
[2023-10-13T23:15:30.582+0000] {processor.py:841} WARNING - No viable dags retrieved from /opt/airflow/dags/dag.py
[2023-10-13T23:15:30.597+0000] {processor.py:179} INFO - Processing /opt/airflow/dags/dag.py took 0.037 seconds
[2023-10-13T23:16:00.865+0000] {processor.py:157} INFO - Started process (PID=5402) to work on /opt/airflow/dags/dag.py
[2023-10-13T23:16:00.866+0000] {processor.py:829} INFO - Processing file /opt/airflow/dags/dag.py for tasks to queue
[2023-10-13T23:16:00.867+0000] {logging_mixin.py:151} INFO - [2023-10-13T23:16:00.867+0000] {dagbag.py:539} INFO - Filling up the DagBag from /opt/airflow/dags/dag.py
[2023-10-13T23:16:00.883+0000] {processor.py:841} WARNING - No viable dags retrieved from /opt/airflow/dags/dag.py
[2023-10-13T23:16:00.897+0000] {processor.py:179} INFO - Processing /opt/airflow/dags/dag.py took 0.036 seconds
[2023-10-13T23:16:31.197+0000] {processor.py:157} INFO - Started process (PID=5417) to work on /opt/airflow/dags/dag.py
[2023-10-13T23:16:31.198+0000] {processor.py:829} INFO - Processing file /opt/airflow/dags/dag.py for tasks to queue
[2023-10-13T23:16:31.200+0000] {logging_mixin.py:151} INFO - [2023-10-13T23:16:31.199+0000] {dagbag.py:539} INFO - Filling up the DagBag from /opt/airflow/dags/dag.py
[2023-10-13T23:16:31.216+0000] {processor.py:841} WARNING - No viable dags retrieved from /opt/airflow/dags/dag.py
[2023-10-13T23:16:31.231+0000] {processor.py:179} INFO - Processing /opt/airflow/dags/dag.py took 0.038 seconds
[2023-10-13T23:17:01.470+0000] {processor.py:157} INFO - Started process (PID=5432) to work on /opt/airflow/dags/dag.py
[2023-10-13T23:17:01.471+0000] {processor.py:829} INFO - Processing file /opt/airflow/dags/dag.py for tasks to queue
[2023-10-13T23:17:01.472+0000] {logging_mixin.py:151} INFO - [2023-10-13T23:17:01.472+0000] {dagbag.py:539} INFO - Filling up the DagBag from /opt/airflow/dags/dag.py
[2023-10-13T23:17:01.496+0000] {processor.py:841} WARNING - No viable dags retrieved from /opt/airflow/dags/dag.py
[2023-10-13T23:17:01.512+0000] {processor.py:179} INFO - Processing /opt/airflow/dags/dag.py took 0.046 seconds
[2023-10-13T23:17:31.852+0000] {processor.py:157} INFO - Started process (PID=5441) to work on /opt/airflow/dags/dag.py
[2023-10-13T23:17:31.854+0000] {processor.py:829} INFO - Processing file /opt/airflow/dags/dag.py for tasks to queue
[2023-10-13T23:17:31.855+0000] {logging_mixin.py:151} INFO - [2023-10-13T23:17:31.855+0000] {dagbag.py:539} INFO - Filling up the DagBag from /opt/airflow/dags/dag.py
[2023-10-13T23:17:31.876+0000] {processor.py:841} WARNING - No viable dags retrieved from /opt/airflow/dags/dag.py
[2023-10-13T23:17:31.893+0000] {processor.py:179} INFO - Processing /opt/airflow/dags/dag.py took 0.045 seconds
[2023-10-13T23:18:02.105+0000] {processor.py:157} INFO - Started process (PID=5455) to work on /opt/airflow/dags/dag.py
[2023-10-13T23:18:02.106+0000] {processor.py:829} INFO - Processing file /opt/airflow/dags/dag.py for tasks to queue
[2023-10-13T23:18:02.108+0000] {logging_mixin.py:151} INFO - [2023-10-13T23:18:02.107+0000] {dagbag.py:539} INFO - Filling up the DagBag from /opt/airflow/dags/dag.py
[2023-10-13T23:18:02.128+0000] {processor.py:841} WARNING - No viable dags retrieved from /opt/airflow/dags/dag.py
[2023-10-13T23:18:02.143+0000] {processor.py:179} INFO - Processing /opt/airflow/dags/dag.py took 0.043 seconds
[2023-10-13T23:18:32.436+0000] {processor.py:157} INFO - Started process (PID=5469) to work on /opt/airflow/dags/dag.py
[2023-10-13T23:18:32.437+0000] {processor.py:829} INFO - Processing file /opt/airflow/dags/dag.py for tasks to queue
[2023-10-13T23:18:32.438+0000] {logging_mixin.py:151} INFO - [2023-10-13T23:18:32.438+0000] {dagbag.py:539} INFO - Filling up the DagBag from /opt/airflow/dags/dag.py
[2023-10-13T23:18:32.455+0000] {processor.py:841} WARNING - No viable dags retrieved from /opt/airflow/dags/dag.py
[2023-10-13T23:18:32.469+0000] {processor.py:179} INFO - Processing /opt/airflow/dags/dag.py took 0.038 seconds
[2023-10-13T23:19:02.780+0000] {processor.py:157} INFO - Started process (PID=5483) to work on /opt/airflow/dags/dag.py
[2023-10-13T23:19:02.781+0000] {processor.py:829} INFO - Processing file /opt/airflow/dags/dag.py for tasks to queue
[2023-10-13T23:19:02.782+0000] {logging_mixin.py:151} INFO - [2023-10-13T23:19:02.782+0000] {dagbag.py:539} INFO - Filling up the DagBag from /opt/airflow/dags/dag.py
[2023-10-13T23:19:02.797+0000] {processor.py:841} WARNING - No viable dags retrieved from /opt/airflow/dags/dag.py
[2023-10-13T23:19:02.811+0000] {processor.py:179} INFO - Processing /opt/airflow/dags/dag.py took 0.035 seconds
[2023-10-13T23:19:33.121+0000] {processor.py:157} INFO - Started process (PID=5497) to work on /opt/airflow/dags/dag.py
[2023-10-13T23:19:33.122+0000] {processor.py:829} INFO - Processing file /opt/airflow/dags/dag.py for tasks to queue
[2023-10-13T23:19:33.123+0000] {logging_mixin.py:151} INFO - [2023-10-13T23:19:33.123+0000] {dagbag.py:539} INFO - Filling up the DagBag from /opt/airflow/dags/dag.py
[2023-10-13T23:19:33.138+0000] {processor.py:841} WARNING - No viable dags retrieved from /opt/airflow/dags/dag.py
[2023-10-13T23:19:33.151+0000] {processor.py:179} INFO - Processing /opt/airflow/dags/dag.py took 0.034 seconds
[2023-10-13T23:20:03.442+0000] {processor.py:157} INFO - Started process (PID=5511) to work on /opt/airflow/dags/dag.py
[2023-10-13T23:20:03.443+0000] {processor.py:829} INFO - Processing file /opt/airflow/dags/dag.py for tasks to queue
[2023-10-13T23:20:03.445+0000] {logging_mixin.py:151} INFO - [2023-10-13T23:20:03.444+0000] {dagbag.py:539} INFO - Filling up the DagBag from /opt/airflow/dags/dag.py
[2023-10-13T23:20:03.461+0000] {processor.py:841} WARNING - No viable dags retrieved from /opt/airflow/dags/dag.py
[2023-10-13T23:20:03.480+0000] {processor.py:179} INFO - Processing /opt/airflow/dags/dag.py took 0.043 seconds
[2023-10-13T23:20:33.800+0000] {processor.py:157} INFO - Started process (PID=5525) to work on /opt/airflow/dags/dag.py
[2023-10-13T23:20:33.801+0000] {processor.py:829} INFO - Processing file /opt/airflow/dags/dag.py for tasks to queue
[2023-10-13T23:20:33.802+0000] {logging_mixin.py:151} INFO - [2023-10-13T23:20:33.802+0000] {dagbag.py:539} INFO - Filling up the DagBag from /opt/airflow/dags/dag.py
[2023-10-13T23:20:33.816+0000] {processor.py:841} WARNING - No viable dags retrieved from /opt/airflow/dags/dag.py
[2023-10-13T23:20:33.834+0000] {processor.py:179} INFO - Processing /opt/airflow/dags/dag.py took 0.039 seconds
[2023-10-13T23:21:04.139+0000] {processor.py:157} INFO - Started process (PID=5539) to work on /opt/airflow/dags/dag.py
[2023-10-13T23:21:04.141+0000] {processor.py:829} INFO - Processing file /opt/airflow/dags/dag.py for tasks to queue
[2023-10-13T23:21:04.142+0000] {logging_mixin.py:151} INFO - [2023-10-13T23:21:04.142+0000] {dagbag.py:539} INFO - Filling up the DagBag from /opt/airflow/dags/dag.py
[2023-10-13T23:21:04.155+0000] {processor.py:841} WARNING - No viable dags retrieved from /opt/airflow/dags/dag.py
[2023-10-13T23:21:04.171+0000] {processor.py:179} INFO - Processing /opt/airflow/dags/dag.py took 0.036 seconds
