[2023-10-16T15:36:24.420+0000] {processor.py:157} INFO - Started process (PID=98) to work on /opt/airflow/dags/etl.py
[2023-10-16T15:36:24.430+0000] {processor.py:829} INFO - Processing file /opt/airflow/dags/etl.py for tasks to queue
[2023-10-16T15:36:24.457+0000] {logging_mixin.py:151} INFO - [2023-10-16T15:36:24.441+0000] {dagbag.py:539} INFO - Filling up the DagBag from /opt/airflow/dags/etl.py
[2023-10-16T15:36:45.008+0000] {processor.py:841} WARNING - No viable dags retrieved from /opt/airflow/dags/etl.py
[2023-10-16T15:36:45.271+0000] {processor.py:179} INFO - Processing /opt/airflow/dags/etl.py took 20.937 seconds
[2023-10-16T15:37:16.348+0000] {processor.py:157} INFO - Started process (PID=115) to work on /opt/airflow/dags/etl.py
[2023-10-16T15:37:16.362+0000] {processor.py:829} INFO - Processing file /opt/airflow/dags/etl.py for tasks to queue
[2023-10-16T15:37:16.381+0000] {logging_mixin.py:151} INFO - [2023-10-16T15:37:16.378+0000] {dagbag.py:539} INFO - Filling up the DagBag from /opt/airflow/dags/etl.py
[2023-10-16T15:37:27.333+0000] {processor.py:841} WARNING - No viable dags retrieved from /opt/airflow/dags/etl.py
[2023-10-16T15:37:27.764+0000] {processor.py:179} INFO - Processing /opt/airflow/dags/etl.py took 11.519 seconds
[2023-10-16T15:37:58.785+0000] {processor.py:157} INFO - Started process (PID=126) to work on /opt/airflow/dags/etl.py
[2023-10-16T15:37:58.792+0000] {processor.py:829} INFO - Processing file /opt/airflow/dags/etl.py for tasks to queue
[2023-10-16T15:37:58.840+0000] {logging_mixin.py:151} INFO - [2023-10-16T15:37:58.823+0000] {dagbag.py:539} INFO - Filling up the DagBag from /opt/airflow/dags/etl.py
[2023-10-16T15:38:10.567+0000] {processor.py:841} WARNING - No viable dags retrieved from /opt/airflow/dags/etl.py
[2023-10-16T15:38:10.846+0000] {processor.py:179} INFO - Processing /opt/airflow/dags/etl.py took 12.211 seconds
[2023-10-16T15:38:42.286+0000] {processor.py:157} INFO - Started process (PID=143) to work on /opt/airflow/dags/etl.py
[2023-10-16T15:38:42.319+0000] {processor.py:829} INFO - Processing file /opt/airflow/dags/etl.py for tasks to queue
[2023-10-16T15:38:42.348+0000] {logging_mixin.py:151} INFO - [2023-10-16T15:38:42.345+0000] {dagbag.py:539} INFO - Filling up the DagBag from /opt/airflow/dags/etl.py
[2023-10-16T15:38:56.728+0000] {processor.py:841} WARNING - No viable dags retrieved from /opt/airflow/dags/etl.py
[2023-10-16T15:38:57.047+0000] {processor.py:179} INFO - Processing /opt/airflow/dags/etl.py took 14.924 seconds
[2023-10-16T15:39:28.704+0000] {processor.py:157} INFO - Started process (PID=154) to work on /opt/airflow/dags/etl.py
[2023-10-16T15:39:28.724+0000] {processor.py:829} INFO - Processing file /opt/airflow/dags/etl.py for tasks to queue
[2023-10-16T15:39:28.746+0000] {logging_mixin.py:151} INFO - [2023-10-16T15:39:28.738+0000] {dagbag.py:539} INFO - Filling up the DagBag from /opt/airflow/dags/etl.py
[2023-10-16T15:39:47.701+0000] {processor.py:841} WARNING - No viable dags retrieved from /opt/airflow/dags/etl.py
[2023-10-16T15:39:48.609+0000] {processor.py:179} INFO - Processing /opt/airflow/dags/etl.py took 20.099 seconds
[2023-10-16T15:40:20.406+0000] {processor.py:157} INFO - Started process (PID=170) to work on /opt/airflow/dags/etl.py
[2023-10-16T15:40:20.416+0000] {processor.py:829} INFO - Processing file /opt/airflow/dags/etl.py for tasks to queue
[2023-10-16T15:40:20.434+0000] {logging_mixin.py:151} INFO - [2023-10-16T15:40:20.430+0000] {dagbag.py:539} INFO - Filling up the DagBag from /opt/airflow/dags/etl.py
[2023-10-16T15:40:29.261+0000] {processor.py:841} WARNING - No viable dags retrieved from /opt/airflow/dags/etl.py
[2023-10-16T15:40:29.580+0000] {processor.py:179} INFO - Processing /opt/airflow/dags/etl.py took 9.240 seconds
[2023-10-16T15:41:00.277+0000] {processor.py:157} INFO - Started process (PID=181) to work on /opt/airflow/dags/etl.py
[2023-10-16T15:41:00.283+0000] {processor.py:829} INFO - Processing file /opt/airflow/dags/etl.py for tasks to queue
[2023-10-16T15:41:00.296+0000] {logging_mixin.py:151} INFO - [2023-10-16T15:41:00.292+0000] {dagbag.py:539} INFO - Filling up the DagBag from /opt/airflow/dags/etl.py
[2023-10-16T15:41:14.947+0000] {processor.py:841} WARNING - No viable dags retrieved from /opt/airflow/dags/etl.py
[2023-10-16T15:41:15.495+0000] {processor.py:179} INFO - Processing /opt/airflow/dags/etl.py took 15.265 seconds
[2023-10-16T15:41:47.202+0000] {processor.py:157} INFO - Started process (PID=192) to work on /opt/airflow/dags/etl.py
[2023-10-16T15:41:47.225+0000] {processor.py:829} INFO - Processing file /opt/airflow/dags/etl.py for tasks to queue
[2023-10-16T15:41:47.265+0000] {logging_mixin.py:151} INFO - [2023-10-16T15:41:47.249+0000] {dagbag.py:539} INFO - Filling up the DagBag from /opt/airflow/dags/etl.py
[2023-10-16T15:42:06.645+0000] {processor.py:841} WARNING - No viable dags retrieved from /opt/airflow/dags/etl.py
[2023-10-16T15:42:07.149+0000] {processor.py:179} INFO - Processing /opt/airflow/dags/etl.py took 20.086 seconds
[2023-10-16T15:42:38.684+0000] {processor.py:157} INFO - Started process (PID=211) to work on /opt/airflow/dags/etl.py
[2023-10-16T15:42:38.695+0000] {processor.py:829} INFO - Processing file /opt/airflow/dags/etl.py for tasks to queue
[2023-10-16T15:42:38.722+0000] {logging_mixin.py:151} INFO - [2023-10-16T15:42:38.718+0000] {dagbag.py:539} INFO - Filling up the DagBag from /opt/airflow/dags/etl.py
[2023-10-16T15:42:57.176+0000] {processor.py:841} WARNING - No viable dags retrieved from /opt/airflow/dags/etl.py
[2023-10-16T15:42:57.787+0000] {processor.py:179} INFO - Processing /opt/airflow/dags/etl.py took 19.278 seconds
[2023-10-16T15:43:30.102+0000] {processor.py:157} INFO - Started process (PID=229) to work on /opt/airflow/dags/etl.py
[2023-10-16T15:43:30.118+0000] {processor.py:829} INFO - Processing file /opt/airflow/dags/etl.py for tasks to queue
[2023-10-16T15:43:30.163+0000] {logging_mixin.py:151} INFO - [2023-10-16T15:43:30.150+0000] {dagbag.py:539} INFO - Filling up the DagBag from /opt/airflow/dags/etl.py
[2023-10-16T15:43:46.683+0000] {processor.py:841} WARNING - No viable dags retrieved from /opt/airflow/dags/etl.py
[2023-10-16T15:43:46.915+0000] {processor.py:179} INFO - Processing /opt/airflow/dags/etl.py took 16.943 seconds
[2023-10-16T15:44:18.330+0000] {processor.py:157} INFO - Started process (PID=240) to work on /opt/airflow/dags/etl.py
[2023-10-16T15:44:18.337+0000] {processor.py:829} INFO - Processing file /opt/airflow/dags/etl.py for tasks to queue
[2023-10-16T15:44:18.349+0000] {logging_mixin.py:151} INFO - [2023-10-16T15:44:18.346+0000] {dagbag.py:539} INFO - Filling up the DagBag from /opt/airflow/dags/etl.py
[2023-10-16T15:44:23.473+0000] {processor.py:841} WARNING - No viable dags retrieved from /opt/airflow/dags/etl.py
[2023-10-16T15:44:23.638+0000] {processor.py:179} INFO - Processing /opt/airflow/dags/etl.py took 5.349 seconds
[2023-10-16T15:44:54.441+0000] {processor.py:157} INFO - Started process (PID=251) to work on /opt/airflow/dags/etl.py
[2023-10-16T15:44:54.447+0000] {processor.py:829} INFO - Processing file /opt/airflow/dags/etl.py for tasks to queue
[2023-10-16T15:44:54.459+0000] {logging_mixin.py:151} INFO - [2023-10-16T15:44:54.456+0000] {dagbag.py:539} INFO - Filling up the DagBag from /opt/airflow/dags/etl.py
[2023-10-16T15:44:58.100+0000] {processor.py:841} WARNING - No viable dags retrieved from /opt/airflow/dags/etl.py
[2023-10-16T15:44:58.240+0000] {processor.py:179} INFO - Processing /opt/airflow/dags/etl.py took 3.826 seconds
[2023-10-16T15:45:28.944+0000] {processor.py:157} INFO - Started process (PID=262) to work on /opt/airflow/dags/etl.py
[2023-10-16T15:45:28.951+0000] {processor.py:829} INFO - Processing file /opt/airflow/dags/etl.py for tasks to queue
[2023-10-16T15:45:28.961+0000] {logging_mixin.py:151} INFO - [2023-10-16T15:45:28.958+0000] {dagbag.py:539} INFO - Filling up the DagBag from /opt/airflow/dags/etl.py
[2023-10-16T15:45:33.045+0000] {processor.py:841} WARNING - No viable dags retrieved from /opt/airflow/dags/etl.py
[2023-10-16T15:45:33.261+0000] {processor.py:179} INFO - Processing /opt/airflow/dags/etl.py took 4.349 seconds
[2023-10-16T15:46:04.020+0000] {processor.py:157} INFO - Started process (PID=279) to work on /opt/airflow/dags/etl.py
[2023-10-16T15:46:04.027+0000] {processor.py:829} INFO - Processing file /opt/airflow/dags/etl.py for tasks to queue
[2023-10-16T15:46:04.041+0000] {logging_mixin.py:151} INFO - [2023-10-16T15:46:04.038+0000] {dagbag.py:539} INFO - Filling up the DagBag from /opt/airflow/dags/etl.py
[2023-10-16T15:46:07.761+0000] {processor.py:841} WARNING - No viable dags retrieved from /opt/airflow/dags/etl.py
[2023-10-16T15:46:07.885+0000] {processor.py:179} INFO - Processing /opt/airflow/dags/etl.py took 3.927 seconds
[2023-10-16T15:46:39.068+0000] {processor.py:157} INFO - Started process (PID=292) to work on /opt/airflow/dags/etl.py
[2023-10-16T15:46:39.082+0000] {processor.py:829} INFO - Processing file /opt/airflow/dags/etl.py for tasks to queue
[2023-10-16T15:46:39.144+0000] {logging_mixin.py:151} INFO - [2023-10-16T15:46:39.126+0000] {dagbag.py:539} INFO - Filling up the DagBag from /opt/airflow/dags/etl.py
[2023-10-16T15:46:45.883+0000] {processor.py:841} WARNING - No viable dags retrieved from /opt/airflow/dags/etl.py
[2023-10-16T15:46:46.199+0000] {processor.py:179} INFO - Processing /opt/airflow/dags/etl.py took 7.260 seconds
[2023-10-16T15:47:17.516+0000] {processor.py:157} INFO - Started process (PID=303) to work on /opt/airflow/dags/etl.py
[2023-10-16T15:47:17.531+0000] {processor.py:829} INFO - Processing file /opt/airflow/dags/etl.py for tasks to queue
[2023-10-16T15:47:17.556+0000] {logging_mixin.py:151} INFO - [2023-10-16T15:47:17.549+0000] {dagbag.py:539} INFO - Filling up the DagBag from /opt/airflow/dags/etl.py
[2023-10-16T15:47:24.972+0000] {processor.py:841} WARNING - No viable dags retrieved from /opt/airflow/dags/etl.py
[2023-10-16T15:47:25.107+0000] {processor.py:179} INFO - Processing /opt/airflow/dags/etl.py took 7.740 seconds
[2023-10-16T15:47:55.914+0000] {processor.py:157} INFO - Started process (PID=314) to work on /opt/airflow/dags/etl.py
[2023-10-16T15:47:55.920+0000] {processor.py:829} INFO - Processing file /opt/airflow/dags/etl.py for tasks to queue
[2023-10-16T15:47:55.927+0000] {logging_mixin.py:151} INFO - [2023-10-16T15:47:55.925+0000] {dagbag.py:539} INFO - Filling up the DagBag from /opt/airflow/dags/etl.py
[2023-10-16T15:48:00.784+0000] {processor.py:841} WARNING - No viable dags retrieved from /opt/airflow/dags/etl.py
[2023-10-16T15:48:00.937+0000] {processor.py:179} INFO - Processing /opt/airflow/dags/etl.py took 5.051 seconds
[2023-10-16T15:48:31.452+0000] {processor.py:157} INFO - Started process (PID=325) to work on /opt/airflow/dags/etl.py
[2023-10-16T15:48:31.458+0000] {processor.py:829} INFO - Processing file /opt/airflow/dags/etl.py for tasks to queue
[2023-10-16T15:48:31.468+0000] {logging_mixin.py:151} INFO - [2023-10-16T15:48:31.465+0000] {dagbag.py:539} INFO - Filling up the DagBag from /opt/airflow/dags/etl.py
[2023-10-16T15:48:36.024+0000] {processor.py:841} WARNING - No viable dags retrieved from /opt/airflow/dags/etl.py
[2023-10-16T15:48:36.134+0000] {processor.py:179} INFO - Processing /opt/airflow/dags/etl.py took 4.735 seconds
[2023-10-16T15:49:06.484+0000] {processor.py:157} INFO - Started process (PID=336) to work on /opt/airflow/dags/etl.py
[2023-10-16T15:49:06.490+0000] {processor.py:829} INFO - Processing file /opt/airflow/dags/etl.py for tasks to queue
[2023-10-16T15:49:06.498+0000] {logging_mixin.py:151} INFO - [2023-10-16T15:49:06.496+0000] {dagbag.py:539} INFO - Filling up the DagBag from /opt/airflow/dags/etl.py
[2023-10-16T15:49:11.792+0000] {processor.py:841} WARNING - No viable dags retrieved from /opt/airflow/dags/etl.py
[2023-10-16T15:49:11.940+0000] {processor.py:179} INFO - Processing /opt/airflow/dags/etl.py took 5.486 seconds
[2023-10-16T15:49:42.575+0000] {processor.py:157} INFO - Started process (PID=355) to work on /opt/airflow/dags/etl.py
[2023-10-16T15:49:42.589+0000] {processor.py:829} INFO - Processing file /opt/airflow/dags/etl.py for tasks to queue
[2023-10-16T15:49:42.601+0000] {logging_mixin.py:151} INFO - [2023-10-16T15:49:42.598+0000] {dagbag.py:539} INFO - Filling up the DagBag from /opt/airflow/dags/etl.py
[2023-10-16T15:49:48.422+0000] {processor.py:841} WARNING - No viable dags retrieved from /opt/airflow/dags/etl.py
[2023-10-16T15:49:48.630+0000] {processor.py:179} INFO - Processing /opt/airflow/dags/etl.py took 6.097 seconds
[2023-10-16T15:50:19.249+0000] {processor.py:157} INFO - Started process (PID=367) to work on /opt/airflow/dags/etl.py
[2023-10-16T15:50:19.260+0000] {processor.py:829} INFO - Processing file /opt/airflow/dags/etl.py for tasks to queue
[2023-10-16T15:50:19.274+0000] {logging_mixin.py:151} INFO - [2023-10-16T15:50:19.270+0000] {dagbag.py:539} INFO - Filling up the DagBag from /opt/airflow/dags/etl.py
[2023-10-16T15:50:26.034+0000] {processor.py:841} WARNING - No viable dags retrieved from /opt/airflow/dags/etl.py
[2023-10-16T15:50:26.247+0000] {processor.py:179} INFO - Processing /opt/airflow/dags/etl.py took 7.060 seconds
[2023-10-16T15:50:56.599+0000] {processor.py:157} INFO - Started process (PID=378) to work on /opt/airflow/dags/etl.py
[2023-10-16T15:50:56.609+0000] {processor.py:829} INFO - Processing file /opt/airflow/dags/etl.py for tasks to queue
[2023-10-16T15:50:56.623+0000] {logging_mixin.py:151} INFO - [2023-10-16T15:50:56.619+0000] {dagbag.py:539} INFO - Filling up the DagBag from /opt/airflow/dags/etl.py
[2023-10-16T15:51:01.163+0000] {processor.py:841} WARNING - No viable dags retrieved from /opt/airflow/dags/etl.py
[2023-10-16T15:51:01.293+0000] {processor.py:179} INFO - Processing /opt/airflow/dags/etl.py took 4.727 seconds
[2023-10-16T15:51:32.600+0000] {processor.py:157} INFO - Started process (PID=389) to work on /opt/airflow/dags/etl.py
[2023-10-16T15:51:32.605+0000] {processor.py:829} INFO - Processing file /opt/airflow/dags/etl.py for tasks to queue
[2023-10-16T15:51:32.614+0000] {logging_mixin.py:151} INFO - [2023-10-16T15:51:32.611+0000] {dagbag.py:539} INFO - Filling up the DagBag from /opt/airflow/dags/etl.py
[2023-10-16T15:51:37.227+0000] {processor.py:841} WARNING - No viable dags retrieved from /opt/airflow/dags/etl.py
[2023-10-16T15:51:37.362+0000] {processor.py:179} INFO - Processing /opt/airflow/dags/etl.py took 4.799 seconds
[2023-10-16T15:52:07.691+0000] {processor.py:157} INFO - Started process (PID=400) to work on /opt/airflow/dags/etl.py
[2023-10-16T15:52:07.698+0000] {processor.py:829} INFO - Processing file /opt/airflow/dags/etl.py for tasks to queue
[2023-10-16T15:52:07.708+0000] {logging_mixin.py:151} INFO - [2023-10-16T15:52:07.704+0000] {dagbag.py:539} INFO - Filling up the DagBag from /opt/airflow/dags/etl.py
[2023-10-16T15:52:12.958+0000] {processor.py:841} WARNING - No viable dags retrieved from /opt/airflow/dags/etl.py
[2023-10-16T15:52:13.089+0000] {processor.py:179} INFO - Processing /opt/airflow/dags/etl.py took 5.432 seconds
[2023-10-16T15:52:43.928+0000] {processor.py:157} INFO - Started process (PID=411) to work on /opt/airflow/dags/etl.py
[2023-10-16T15:52:43.941+0000] {processor.py:829} INFO - Processing file /opt/airflow/dags/etl.py for tasks to queue
[2023-10-16T15:52:43.987+0000] {logging_mixin.py:151} INFO - [2023-10-16T15:52:43.972+0000] {dagbag.py:539} INFO - Filling up the DagBag from /opt/airflow/dags/etl.py
[2023-10-16T15:52:49.264+0000] {processor.py:841} WARNING - No viable dags retrieved from /opt/airflow/dags/etl.py
[2023-10-16T15:52:49.505+0000] {processor.py:179} INFO - Processing /opt/airflow/dags/etl.py took 5.724 seconds
[2023-10-16T15:53:20.226+0000] {processor.py:157} INFO - Started process (PID=429) to work on /opt/airflow/dags/etl.py
[2023-10-16T15:53:20.235+0000] {processor.py:829} INFO - Processing file /opt/airflow/dags/etl.py for tasks to queue
[2023-10-16T15:53:20.252+0000] {logging_mixin.py:151} INFO - [2023-10-16T15:53:20.248+0000] {dagbag.py:539} INFO - Filling up the DagBag from /opt/airflow/dags/etl.py
[2023-10-16T15:53:25.464+0000] {processor.py:841} WARNING - No viable dags retrieved from /opt/airflow/dags/etl.py
[2023-10-16T15:53:25.958+0000] {processor.py:179} INFO - Processing /opt/airflow/dags/etl.py took 5.858 seconds
[2023-10-16T15:53:57.045+0000] {processor.py:157} INFO - Started process (PID=441) to work on /opt/airflow/dags/etl.py
[2023-10-16T15:53:57.053+0000] {processor.py:829} INFO - Processing file /opt/airflow/dags/etl.py for tasks to queue
[2023-10-16T15:53:57.064+0000] {logging_mixin.py:151} INFO - [2023-10-16T15:53:57.060+0000] {dagbag.py:539} INFO - Filling up the DagBag from /opt/airflow/dags/etl.py
[2023-10-16T15:54:03.490+0000] {processor.py:841} WARNING - No viable dags retrieved from /opt/airflow/dags/etl.py
[2023-10-16T15:54:03.675+0000] {processor.py:179} INFO - Processing /opt/airflow/dags/etl.py took 6.684 seconds
[2023-10-16T15:54:34.118+0000] {processor.py:157} INFO - Started process (PID=452) to work on /opt/airflow/dags/etl.py
[2023-10-16T15:54:34.119+0000] {processor.py:829} INFO - Processing file /opt/airflow/dags/etl.py for tasks to queue
[2023-10-16T15:54:34.120+0000] {logging_mixin.py:151} INFO - [2023-10-16T15:54:34.120+0000] {dagbag.py:539} INFO - Filling up the DagBag from /opt/airflow/dags/etl.py
[2023-10-16T15:54:34.426+0000] {processor.py:841} WARNING - No viable dags retrieved from /opt/airflow/dags/etl.py
[2023-10-16T15:54:34.438+0000] {processor.py:179} INFO - Processing /opt/airflow/dags/etl.py took 0.322 seconds
[2023-10-16T15:55:04.821+0000] {processor.py:157} INFO - Started process (PID=463) to work on /opt/airflow/dags/etl.py
[2023-10-16T15:55:04.822+0000] {processor.py:829} INFO - Processing file /opt/airflow/dags/etl.py for tasks to queue
[2023-10-16T15:55:04.823+0000] {logging_mixin.py:151} INFO - [2023-10-16T15:55:04.823+0000] {dagbag.py:539} INFO - Filling up the DagBag from /opt/airflow/dags/etl.py
[2023-10-16T15:55:05.150+0000] {processor.py:841} WARNING - No viable dags retrieved from /opt/airflow/dags/etl.py
[2023-10-16T15:55:05.163+0000] {processor.py:179} INFO - Processing /opt/airflow/dags/etl.py took 0.345 seconds
[2023-10-16T15:55:35.579+0000] {processor.py:157} INFO - Started process (PID=474) to work on /opt/airflow/dags/etl.py
[2023-10-16T15:55:35.579+0000] {processor.py:829} INFO - Processing file /opt/airflow/dags/etl.py for tasks to queue
[2023-10-16T15:55:35.581+0000] {logging_mixin.py:151} INFO - [2023-10-16T15:55:35.580+0000] {dagbag.py:539} INFO - Filling up the DagBag from /opt/airflow/dags/etl.py
[2023-10-16T15:55:36.033+0000] {processor.py:841} WARNING - No viable dags retrieved from /opt/airflow/dags/etl.py
[2023-10-16T15:55:36.060+0000] {processor.py:179} INFO - Processing /opt/airflow/dags/etl.py took 0.485 seconds
[2023-10-16T15:56:06.429+0000] {processor.py:157} INFO - Started process (PID=485) to work on /opt/airflow/dags/etl.py
[2023-10-16T15:56:06.430+0000] {processor.py:829} INFO - Processing file /opt/airflow/dags/etl.py for tasks to queue
[2023-10-16T15:56:06.431+0000] {logging_mixin.py:151} INFO - [2023-10-16T15:56:06.431+0000] {dagbag.py:539} INFO - Filling up the DagBag from /opt/airflow/dags/etl.py
[2023-10-16T15:56:06.741+0000] {processor.py:841} WARNING - No viable dags retrieved from /opt/airflow/dags/etl.py
[2023-10-16T15:56:06.754+0000] {processor.py:179} INFO - Processing /opt/airflow/dags/etl.py took 0.328 seconds
[2023-10-16T15:56:36.835+0000] {processor.py:157} INFO - Started process (PID=496) to work on /opt/airflow/dags/etl.py
[2023-10-16T15:56:36.836+0000] {processor.py:829} INFO - Processing file /opt/airflow/dags/etl.py for tasks to queue
[2023-10-16T15:56:36.837+0000] {logging_mixin.py:151} INFO - [2023-10-16T15:56:36.837+0000] {dagbag.py:539} INFO - Filling up the DagBag from /opt/airflow/dags/etl.py
[2023-10-16T15:56:37.143+0000] {processor.py:841} WARNING - No viable dags retrieved from /opt/airflow/dags/etl.py
[2023-10-16T15:56:37.157+0000] {processor.py:179} INFO - Processing /opt/airflow/dags/etl.py took 0.325 seconds
[2023-10-16T15:57:07.520+0000] {processor.py:157} INFO - Started process (PID=507) to work on /opt/airflow/dags/etl.py
[2023-10-16T15:57:07.521+0000] {processor.py:829} INFO - Processing file /opt/airflow/dags/etl.py for tasks to queue
[2023-10-16T15:57:07.522+0000] {logging_mixin.py:151} INFO - [2023-10-16T15:57:07.522+0000] {dagbag.py:539} INFO - Filling up the DagBag from /opt/airflow/dags/etl.py
[2023-10-16T15:57:07.826+0000] {processor.py:841} WARNING - No viable dags retrieved from /opt/airflow/dags/etl.py
[2023-10-16T15:57:07.839+0000] {processor.py:179} INFO - Processing /opt/airflow/dags/etl.py took 0.322 seconds
[2023-10-16T15:57:38.182+0000] {processor.py:157} INFO - Started process (PID=518) to work on /opt/airflow/dags/etl.py
[2023-10-16T15:57:38.183+0000] {processor.py:829} INFO - Processing file /opt/airflow/dags/etl.py for tasks to queue
[2023-10-16T15:57:38.184+0000] {logging_mixin.py:151} INFO - [2023-10-16T15:57:38.184+0000] {dagbag.py:539} INFO - Filling up the DagBag from /opt/airflow/dags/etl.py
[2023-10-16T15:57:38.509+0000] {processor.py:841} WARNING - No viable dags retrieved from /opt/airflow/dags/etl.py
[2023-10-16T15:57:38.522+0000] {processor.py:179} INFO - Processing /opt/airflow/dags/etl.py took 0.343 seconds
[2023-10-16T15:58:08.885+0000] {processor.py:157} INFO - Started process (PID=529) to work on /opt/airflow/dags/etl.py
[2023-10-16T15:58:08.886+0000] {processor.py:829} INFO - Processing file /opt/airflow/dags/etl.py for tasks to queue
[2023-10-16T15:58:08.887+0000] {logging_mixin.py:151} INFO - [2023-10-16T15:58:08.887+0000] {dagbag.py:539} INFO - Filling up the DagBag from /opt/airflow/dags/etl.py
[2023-10-16T15:58:09.199+0000] {processor.py:841} WARNING - No viable dags retrieved from /opt/airflow/dags/etl.py
[2023-10-16T15:58:09.290+0000] {processor.py:179} INFO - Processing /opt/airflow/dags/etl.py took 0.407 seconds
[2023-10-16T15:58:39.718+0000] {processor.py:157} INFO - Started process (PID=540) to work on /opt/airflow/dags/etl.py
[2023-10-16T15:58:39.719+0000] {processor.py:829} INFO - Processing file /opt/airflow/dags/etl.py for tasks to queue
[2023-10-16T15:58:39.721+0000] {logging_mixin.py:151} INFO - [2023-10-16T15:58:39.720+0000] {dagbag.py:539} INFO - Filling up the DagBag from /opt/airflow/dags/etl.py
[2023-10-16T15:58:40.035+0000] {processor.py:841} WARNING - No viable dags retrieved from /opt/airflow/dags/etl.py
[2023-10-16T15:58:40.048+0000] {processor.py:179} INFO - Processing /opt/airflow/dags/etl.py took 0.335 seconds
[2023-10-16T15:59:10.456+0000] {processor.py:157} INFO - Started process (PID=551) to work on /opt/airflow/dags/etl.py
[2023-10-16T15:59:10.457+0000] {processor.py:829} INFO - Processing file /opt/airflow/dags/etl.py for tasks to queue
[2023-10-16T15:59:10.458+0000] {logging_mixin.py:151} INFO - [2023-10-16T15:59:10.458+0000] {dagbag.py:539} INFO - Filling up the DagBag from /opt/airflow/dags/etl.py
[2023-10-16T15:59:10.788+0000] {processor.py:841} WARNING - No viable dags retrieved from /opt/airflow/dags/etl.py
[2023-10-16T15:59:10.804+0000] {processor.py:179} INFO - Processing /opt/airflow/dags/etl.py took 0.351 seconds
[2023-10-16T15:59:41.296+0000] {processor.py:157} INFO - Started process (PID=562) to work on /opt/airflow/dags/etl.py
[2023-10-16T15:59:41.297+0000] {processor.py:829} INFO - Processing file /opt/airflow/dags/etl.py for tasks to queue
[2023-10-16T15:59:41.298+0000] {logging_mixin.py:151} INFO - [2023-10-16T15:59:41.297+0000] {dagbag.py:539} INFO - Filling up the DagBag from /opt/airflow/dags/etl.py
[2023-10-16T15:59:41.743+0000] {processor.py:841} WARNING - No viable dags retrieved from /opt/airflow/dags/etl.py
[2023-10-16T15:59:41.767+0000] {processor.py:179} INFO - Processing /opt/airflow/dags/etl.py took 0.475 seconds
[2023-10-16T16:00:12.081+0000] {processor.py:157} INFO - Started process (PID=573) to work on /opt/airflow/dags/etl.py
[2023-10-16T16:00:12.082+0000] {processor.py:829} INFO - Processing file /opt/airflow/dags/etl.py for tasks to queue
[2023-10-16T16:00:12.084+0000] {logging_mixin.py:151} INFO - [2023-10-16T16:00:12.083+0000] {dagbag.py:539} INFO - Filling up the DagBag from /opt/airflow/dags/etl.py
[2023-10-16T16:00:12.411+0000] {processor.py:841} WARNING - No viable dags retrieved from /opt/airflow/dags/etl.py
[2023-10-16T16:00:12.428+0000] {processor.py:179} INFO - Processing /opt/airflow/dags/etl.py took 0.350 seconds
[2023-10-16T16:00:42.816+0000] {processor.py:157} INFO - Started process (PID=584) to work on /opt/airflow/dags/etl.py
[2023-10-16T16:00:42.817+0000] {processor.py:829} INFO - Processing file /opt/airflow/dags/etl.py for tasks to queue
[2023-10-16T16:00:42.818+0000] {logging_mixin.py:151} INFO - [2023-10-16T16:00:42.818+0000] {dagbag.py:539} INFO - Filling up the DagBag from /opt/airflow/dags/etl.py
[2023-10-16T16:00:43.121+0000] {processor.py:841} WARNING - No viable dags retrieved from /opt/airflow/dags/etl.py
[2023-10-16T16:00:43.135+0000] {processor.py:179} INFO - Processing /opt/airflow/dags/etl.py took 0.322 seconds
[2023-10-16T16:01:13.584+0000] {processor.py:157} INFO - Started process (PID=595) to work on /opt/airflow/dags/etl.py
[2023-10-16T16:01:13.585+0000] {processor.py:829} INFO - Processing file /opt/airflow/dags/etl.py for tasks to queue
[2023-10-16T16:01:13.586+0000] {logging_mixin.py:151} INFO - [2023-10-16T16:01:13.586+0000] {dagbag.py:539} INFO - Filling up the DagBag from /opt/airflow/dags/etl.py
[2023-10-16T16:01:13.901+0000] {processor.py:841} WARNING - No viable dags retrieved from /opt/airflow/dags/etl.py
[2023-10-16T16:01:13.913+0000] {processor.py:179} INFO - Processing /opt/airflow/dags/etl.py took 0.332 seconds
[2023-10-16T16:01:43.983+0000] {processor.py:157} INFO - Started process (PID=606) to work on /opt/airflow/dags/etl.py
[2023-10-16T16:01:43.984+0000] {processor.py:829} INFO - Processing file /opt/airflow/dags/etl.py for tasks to queue
[2023-10-16T16:01:43.985+0000] {logging_mixin.py:151} INFO - [2023-10-16T16:01:43.984+0000] {dagbag.py:539} INFO - Filling up the DagBag from /opt/airflow/dags/etl.py
[2023-10-16T16:01:44.295+0000] {processor.py:841} WARNING - No viable dags retrieved from /opt/airflow/dags/etl.py
[2023-10-16T16:01:44.307+0000] {processor.py:179} INFO - Processing /opt/airflow/dags/etl.py took 0.327 seconds
[2023-10-16T16:02:15.960+0000] {processor.py:157} INFO - Started process (PID=617) to work on /opt/airflow/dags/etl.py
[2023-10-16T16:02:16.057+0000] {processor.py:829} INFO - Processing file /opt/airflow/dags/etl.py for tasks to queue
[2023-10-16T16:02:16.180+0000] {logging_mixin.py:151} INFO - [2023-10-16T16:02:16.179+0000] {dagbag.py:539} INFO - Filling up the DagBag from /opt/airflow/dags/etl.py
[2023-10-16T16:02:18.171+0000] {processor.py:841} WARNING - No viable dags retrieved from /opt/airflow/dags/etl.py
[2023-10-16T16:02:18.202+0000] {processor.py:179} INFO - Processing /opt/airflow/dags/etl.py took 2.265 seconds
[2023-10-16T16:02:55.482+0000] {processor.py:157} INFO - Started process (PID=629) to work on /opt/airflow/dags/etl.py
[2023-10-16T16:02:57.696+0000] {processor.py:829} INFO - Processing file /opt/airflow/dags/etl.py for tasks to queue
[2023-10-16T16:02:57.699+0000] {logging_mixin.py:151} INFO - [2023-10-16T16:02:57.698+0000] {dagbag.py:539} INFO - Filling up the DagBag from /opt/airflow/dags/etl.py
[2023-10-16T16:03:01.335+0000] {processor.py:841} WARNING - No viable dags retrieved from /opt/airflow/dags/etl.py
[2023-10-16T16:03:01.382+0000] {processor.py:179} INFO - Processing /opt/airflow/dags/etl.py took 6.721 seconds
[2023-10-16T16:03:32.164+0000] {processor.py:157} INFO - Started process (PID=646) to work on /opt/airflow/dags/etl.py
[2023-10-16T16:03:32.175+0000] {processor.py:829} INFO - Processing file /opt/airflow/dags/etl.py for tasks to queue
[2023-10-16T16:03:32.178+0000] {logging_mixin.py:151} INFO - [2023-10-16T16:03:32.177+0000] {dagbag.py:539} INFO - Filling up the DagBag from /opt/airflow/dags/etl.py
[2023-10-16T16:03:34.475+0000] {processor.py:841} WARNING - No viable dags retrieved from /opt/airflow/dags/etl.py
[2023-10-16T16:03:34.532+0000] {processor.py:179} INFO - Processing /opt/airflow/dags/etl.py took 2.375 seconds
[2023-10-16T16:04:04.891+0000] {processor.py:157} INFO - Started process (PID=657) to work on /opt/airflow/dags/etl.py
[2023-10-16T16:04:04.894+0000] {processor.py:829} INFO - Processing file /opt/airflow/dags/etl.py for tasks to queue
[2023-10-16T16:04:04.905+0000] {logging_mixin.py:151} INFO - [2023-10-16T16:04:04.904+0000] {dagbag.py:539} INFO - Filling up the DagBag from /opt/airflow/dags/etl.py
[2023-10-16T16:04:06.227+0000] {processor.py:841} WARNING - No viable dags retrieved from /opt/airflow/dags/etl.py
[2023-10-16T16:04:06.247+0000] {processor.py:179} INFO - Processing /opt/airflow/dags/etl.py took 1.370 seconds
[2023-10-16T16:04:36.911+0000] {processor.py:157} INFO - Started process (PID=668) to work on /opt/airflow/dags/etl.py
[2023-10-16T16:04:36.917+0000] {processor.py:829} INFO - Processing file /opt/airflow/dags/etl.py for tasks to queue
[2023-10-16T16:04:36.919+0000] {logging_mixin.py:151} INFO - [2023-10-16T16:04:36.918+0000] {dagbag.py:539} INFO - Filling up the DagBag from /opt/airflow/dags/etl.py
[2023-10-16T16:04:37.409+0000] {processor.py:841} WARNING - No viable dags retrieved from /opt/airflow/dags/etl.py
[2023-10-16T16:04:37.428+0000] {processor.py:179} INFO - Processing /opt/airflow/dags/etl.py took 0.522 seconds
[2023-10-16T16:05:07.756+0000] {processor.py:157} INFO - Started process (PID=679) to work on /opt/airflow/dags/etl.py
[2023-10-16T16:05:07.758+0000] {processor.py:829} INFO - Processing file /opt/airflow/dags/etl.py for tasks to queue
[2023-10-16T16:05:07.759+0000] {logging_mixin.py:151} INFO - [2023-10-16T16:05:07.759+0000] {dagbag.py:539} INFO - Filling up the DagBag from /opt/airflow/dags/etl.py
[2023-10-16T16:05:08.147+0000] {processor.py:841} WARNING - No viable dags retrieved from /opt/airflow/dags/etl.py
[2023-10-16T16:05:08.162+0000] {processor.py:179} INFO - Processing /opt/airflow/dags/etl.py took 0.409 seconds
[2023-10-16T16:05:38.716+0000] {processor.py:157} INFO - Started process (PID=690) to work on /opt/airflow/dags/etl.py
[2023-10-16T16:05:38.740+0000] {processor.py:829} INFO - Processing file /opt/airflow/dags/etl.py for tasks to queue
[2023-10-16T16:05:38.742+0000] {logging_mixin.py:151} INFO - [2023-10-16T16:05:38.741+0000] {dagbag.py:539} INFO - Filling up the DagBag from /opt/airflow/dags/etl.py
[2023-10-16T16:05:42.440+0000] {processor.py:841} WARNING - No viable dags retrieved from /opt/airflow/dags/etl.py
[2023-10-16T16:05:42.504+0000] {processor.py:179} INFO - Processing /opt/airflow/dags/etl.py took 3.805 seconds
[2023-10-16T16:06:12.662+0000] {processor.py:157} INFO - Started process (PID=702) to work on /opt/airflow/dags/etl.py
[2023-10-16T16:06:12.664+0000] {processor.py:829} INFO - Processing file /opt/airflow/dags/etl.py for tasks to queue
[2023-10-16T16:06:12.667+0000] {logging_mixin.py:151} INFO - [2023-10-16T16:06:12.666+0000] {dagbag.py:539} INFO - Filling up the DagBag from /opt/airflow/dags/etl.py
[2023-10-16T16:06:14.789+0000] {processor.py:841} WARNING - No viable dags retrieved from /opt/airflow/dags/etl.py
[2023-10-16T16:06:14.842+0000] {processor.py:179} INFO - Processing /opt/airflow/dags/etl.py took 2.195 seconds
[2023-10-16T16:06:45.369+0000] {processor.py:157} INFO - Started process (PID=712) to work on /opt/airflow/dags/etl.py
[2023-10-16T16:06:45.383+0000] {processor.py:829} INFO - Processing file /opt/airflow/dags/etl.py for tasks to queue
[2023-10-16T16:06:45.387+0000] {logging_mixin.py:151} INFO - [2023-10-16T16:06:45.386+0000] {dagbag.py:539} INFO - Filling up the DagBag from /opt/airflow/dags/etl.py
[2023-10-16T16:06:47.264+0000] {processor.py:841} WARNING - No viable dags retrieved from /opt/airflow/dags/etl.py
[2023-10-16T16:06:47.343+0000] {processor.py:179} INFO - Processing /opt/airflow/dags/etl.py took 1.982 seconds
[2023-10-16T16:07:17.657+0000] {processor.py:157} INFO - Started process (PID=722) to work on /opt/airflow/dags/etl.py
[2023-10-16T16:07:17.660+0000] {processor.py:829} INFO - Processing file /opt/airflow/dags/etl.py for tasks to queue
[2023-10-16T16:07:17.669+0000] {logging_mixin.py:151} INFO - [2023-10-16T16:07:17.668+0000] {dagbag.py:539} INFO - Filling up the DagBag from /opt/airflow/dags/etl.py
[2023-10-16T16:07:20.552+0000] {processor.py:841} WARNING - No viable dags retrieved from /opt/airflow/dags/etl.py
[2023-10-16T16:07:20.602+0000] {processor.py:179} INFO - Processing /opt/airflow/dags/etl.py took 2.962 seconds
[2023-10-16T16:07:51.102+0000] {processor.py:157} INFO - Started process (PID=733) to work on /opt/airflow/dags/etl.py
[2023-10-16T16:07:51.104+0000] {processor.py:829} INFO - Processing file /opt/airflow/dags/etl.py for tasks to queue
[2023-10-16T16:07:51.106+0000] {logging_mixin.py:151} INFO - [2023-10-16T16:07:51.105+0000] {dagbag.py:539} INFO - Filling up the DagBag from /opt/airflow/dags/etl.py
[2023-10-16T16:07:51.856+0000] {processor.py:841} WARNING - No viable dags retrieved from /opt/airflow/dags/etl.py
[2023-10-16T16:07:51.879+0000] {processor.py:179} INFO - Processing /opt/airflow/dags/etl.py took 0.783 seconds
[2023-10-16T16:08:22.293+0000] {processor.py:157} INFO - Started process (PID=744) to work on /opt/airflow/dags/etl.py
[2023-10-16T16:08:22.296+0000] {processor.py:829} INFO - Processing file /opt/airflow/dags/etl.py for tasks to queue
[2023-10-16T16:08:22.299+0000] {logging_mixin.py:151} INFO - [2023-10-16T16:08:22.298+0000] {dagbag.py:539} INFO - Filling up the DagBag from /opt/airflow/dags/etl.py
[2023-10-16T16:08:23.928+0000] {processor.py:841} WARNING - No viable dags retrieved from /opt/airflow/dags/etl.py
[2023-10-16T16:08:23.975+0000] {processor.py:179} INFO - Processing /opt/airflow/dags/etl.py took 1.691 seconds
[2023-10-16T16:08:54.545+0000] {processor.py:157} INFO - Started process (PID=755) to work on /opt/airflow/dags/etl.py
[2023-10-16T16:08:54.551+0000] {processor.py:829} INFO - Processing file /opt/airflow/dags/etl.py for tasks to queue
[2023-10-16T16:08:54.558+0000] {logging_mixin.py:151} INFO - [2023-10-16T16:08:54.557+0000] {dagbag.py:539} INFO - Filling up the DagBag from /opt/airflow/dags/etl.py
[2023-10-16T16:08:57.326+0000] {processor.py:841} WARNING - No viable dags retrieved from /opt/airflow/dags/etl.py
[2023-10-16T16:08:57.392+0000] {processor.py:179} INFO - Processing /opt/airflow/dags/etl.py took 2.864 seconds
[2023-10-16T16:09:28.006+0000] {processor.py:157} INFO - Started process (PID=766) to work on /opt/airflow/dags/etl.py
[2023-10-16T16:09:28.008+0000] {processor.py:829} INFO - Processing file /opt/airflow/dags/etl.py for tasks to queue
[2023-10-16T16:09:28.010+0000] {logging_mixin.py:151} INFO - [2023-10-16T16:09:28.009+0000] {dagbag.py:539} INFO - Filling up the DagBag from /opt/airflow/dags/etl.py
[2023-10-16T16:09:30.093+0000] {processor.py:841} WARNING - No viable dags retrieved from /opt/airflow/dags/etl.py
[2023-10-16T16:09:30.206+0000] {processor.py:179} INFO - Processing /opt/airflow/dags/etl.py took 2.214 seconds
[2023-10-16T16:10:00.960+0000] {processor.py:157} INFO - Started process (PID=777) to work on /opt/airflow/dags/etl.py
[2023-10-16T16:10:00.964+0000] {processor.py:829} INFO - Processing file /opt/airflow/dags/etl.py for tasks to queue
[2023-10-16T16:10:00.967+0000] {logging_mixin.py:151} INFO - [2023-10-16T16:10:00.966+0000] {dagbag.py:539} INFO - Filling up the DagBag from /opt/airflow/dags/etl.py
[2023-10-16T16:10:02.877+0000] {processor.py:841} WARNING - No viable dags retrieved from /opt/airflow/dags/etl.py
[2023-10-16T16:10:02.920+0000] {processor.py:179} INFO - Processing /opt/airflow/dags/etl.py took 1.978 seconds
[2023-10-16T16:10:34.135+0000] {processor.py:157} INFO - Started process (PID=788) to work on /opt/airflow/dags/etl.py
[2023-10-16T16:10:34.167+0000] {processor.py:829} INFO - Processing file /opt/airflow/dags/etl.py for tasks to queue
[2023-10-16T16:10:34.180+0000] {logging_mixin.py:151} INFO - [2023-10-16T16:10:34.179+0000] {dagbag.py:539} INFO - Filling up the DagBag from /opt/airflow/dags/etl.py
[2023-10-16T16:10:36.404+0000] {processor.py:841} WARNING - No viable dags retrieved from /opt/airflow/dags/etl.py
[2023-10-16T16:10:36.484+0000] {processor.py:179} INFO - Processing /opt/airflow/dags/etl.py took 2.359 seconds
[2023-10-16T16:11:07.160+0000] {processor.py:157} INFO - Started process (PID=799) to work on /opt/airflow/dags/etl.py
[2023-10-16T16:11:07.161+0000] {processor.py:829} INFO - Processing file /opt/airflow/dags/etl.py for tasks to queue
[2023-10-16T16:11:07.163+0000] {logging_mixin.py:151} INFO - [2023-10-16T16:11:07.163+0000] {dagbag.py:539} INFO - Filling up the DagBag from /opt/airflow/dags/etl.py
[2023-10-16T16:11:08.164+0000] {processor.py:841} WARNING - No viable dags retrieved from /opt/airflow/dags/etl.py
[2023-10-16T16:11:08.196+0000] {processor.py:179} INFO - Processing /opt/airflow/dags/etl.py took 1.043 seconds
[2023-10-16T16:11:38.862+0000] {processor.py:157} INFO - Started process (PID=817) to work on /opt/airflow/dags/etl.py
[2023-10-16T16:11:38.864+0000] {processor.py:829} INFO - Processing file /opt/airflow/dags/etl.py for tasks to queue
[2023-10-16T16:11:38.866+0000] {logging_mixin.py:151} INFO - [2023-10-16T16:11:38.866+0000] {dagbag.py:539} INFO - Filling up the DagBag from /opt/airflow/dags/etl.py
[2023-10-16T16:11:40.153+0000] {processor.py:841} WARNING - No viable dags retrieved from /opt/airflow/dags/etl.py
[2023-10-16T16:11:40.194+0000] {processor.py:179} INFO - Processing /opt/airflow/dags/etl.py took 1.345 seconds
[2023-10-16T16:12:10.856+0000] {processor.py:157} INFO - Started process (PID=828) to work on /opt/airflow/dags/etl.py
[2023-10-16T16:12:10.865+0000] {processor.py:829} INFO - Processing file /opt/airflow/dags/etl.py for tasks to queue
[2023-10-16T16:12:10.868+0000] {logging_mixin.py:151} INFO - [2023-10-16T16:12:10.868+0000] {dagbag.py:539} INFO - Filling up the DagBag from /opt/airflow/dags/etl.py
[2023-10-16T16:12:12.564+0000] {processor.py:841} WARNING - No viable dags retrieved from /opt/airflow/dags/etl.py
[2023-10-16T16:12:12.631+0000] {processor.py:179} INFO - Processing /opt/airflow/dags/etl.py took 1.793 seconds
[2023-10-16T16:12:43.295+0000] {processor.py:157} INFO - Started process (PID=839) to work on /opt/airflow/dags/etl.py
[2023-10-16T16:12:43.307+0000] {processor.py:829} INFO - Processing file /opt/airflow/dags/etl.py for tasks to queue
[2023-10-16T16:12:43.309+0000] {logging_mixin.py:151} INFO - [2023-10-16T16:12:43.309+0000] {dagbag.py:539} INFO - Filling up the DagBag from /opt/airflow/dags/etl.py
[2023-10-16T16:12:44.487+0000] {processor.py:841} WARNING - No viable dags retrieved from /opt/airflow/dags/etl.py
[2023-10-16T16:12:44.531+0000] {processor.py:179} INFO - Processing /opt/airflow/dags/etl.py took 1.243 seconds
[2023-10-16T16:13:14.698+0000] {processor.py:157} INFO - Started process (PID=850) to work on /opt/airflow/dags/etl.py
[2023-10-16T16:13:14.700+0000] {processor.py:829} INFO - Processing file /opt/airflow/dags/etl.py for tasks to queue
[2023-10-16T16:13:14.702+0000] {logging_mixin.py:151} INFO - [2023-10-16T16:13:14.701+0000] {dagbag.py:539} INFO - Filling up the DagBag from /opt/airflow/dags/etl.py
[2023-10-16T16:13:16.100+0000] {processor.py:841} WARNING - No viable dags retrieved from /opt/airflow/dags/etl.py
[2023-10-16T16:13:16.132+0000] {processor.py:179} INFO - Processing /opt/airflow/dags/etl.py took 1.449 seconds
[2023-10-16T16:13:46.643+0000] {processor.py:157} INFO - Started process (PID=861) to work on /opt/airflow/dags/etl.py
[2023-10-16T16:13:46.648+0000] {processor.py:829} INFO - Processing file /opt/airflow/dags/etl.py for tasks to queue
[2023-10-16T16:13:46.651+0000] {logging_mixin.py:151} INFO - [2023-10-16T16:13:46.651+0000] {dagbag.py:539} INFO - Filling up the DagBag from /opt/airflow/dags/etl.py
[2023-10-16T16:13:47.569+0000] {processor.py:841} WARNING - No viable dags retrieved from /opt/airflow/dags/etl.py
[2023-10-16T16:13:47.604+0000] {processor.py:179} INFO - Processing /opt/airflow/dags/etl.py took 0.968 seconds
[2023-10-16T16:14:18.001+0000] {processor.py:157} INFO - Started process (PID=872) to work on /opt/airflow/dags/etl.py
[2023-10-16T16:14:18.008+0000] {processor.py:829} INFO - Processing file /opt/airflow/dags/etl.py for tasks to queue
[2023-10-16T16:14:18.011+0000] {logging_mixin.py:151} INFO - [2023-10-16T16:14:18.010+0000] {dagbag.py:539} INFO - Filling up the DagBag from /opt/airflow/dags/etl.py
[2023-10-16T16:14:19.284+0000] {processor.py:841} WARNING - No viable dags retrieved from /opt/airflow/dags/etl.py
[2023-10-16T16:14:19.324+0000] {processor.py:179} INFO - Processing /opt/airflow/dags/etl.py took 1.333 seconds
[2023-10-16T16:14:49.801+0000] {processor.py:157} INFO - Started process (PID=883) to work on /opt/airflow/dags/etl.py
[2023-10-16T16:14:49.807+0000] {processor.py:829} INFO - Processing file /opt/airflow/dags/etl.py for tasks to queue
[2023-10-16T16:14:49.809+0000] {logging_mixin.py:151} INFO - [2023-10-16T16:14:49.809+0000] {dagbag.py:539} INFO - Filling up the DagBag from /opt/airflow/dags/etl.py
[2023-10-16T16:14:50.606+0000] {processor.py:841} WARNING - No viable dags retrieved from /opt/airflow/dags/etl.py
[2023-10-16T16:14:50.637+0000] {processor.py:179} INFO - Processing /opt/airflow/dags/etl.py took 0.844 seconds
[2023-10-16T16:15:21.636+0000] {processor.py:157} INFO - Started process (PID=894) to work on /opt/airflow/dags/etl.py
[2023-10-16T16:15:21.641+0000] {processor.py:829} INFO - Processing file /opt/airflow/dags/etl.py for tasks to queue
[2023-10-16T16:15:21.643+0000] {logging_mixin.py:151} INFO - [2023-10-16T16:15:21.643+0000] {dagbag.py:539} INFO - Filling up the DagBag from /opt/airflow/dags/etl.py
[2023-10-16T16:15:23.055+0000] {processor.py:841} WARNING - No viable dags retrieved from /opt/airflow/dags/etl.py
[2023-10-16T16:15:23.124+0000] {processor.py:179} INFO - Processing /opt/airflow/dags/etl.py took 1.499 seconds
[2023-10-16T16:15:54.265+0000] {processor.py:157} INFO - Started process (PID=905) to work on /opt/airflow/dags/etl.py
[2023-10-16T16:15:54.268+0000] {processor.py:829} INFO - Processing file /opt/airflow/dags/etl.py for tasks to queue
[2023-10-16T16:15:54.270+0000] {logging_mixin.py:151} INFO - [2023-10-16T16:15:54.270+0000] {dagbag.py:539} INFO - Filling up the DagBag from /opt/airflow/dags/etl.py
[2023-10-16T16:15:56.169+0000] {processor.py:841} WARNING - No viable dags retrieved from /opt/airflow/dags/etl.py
[2023-10-16T16:15:56.218+0000] {processor.py:179} INFO - Processing /opt/airflow/dags/etl.py took 1.983 seconds
[2023-10-16T16:16:27.018+0000] {processor.py:157} INFO - Started process (PID=916) to work on /opt/airflow/dags/etl.py
[2023-10-16T16:16:27.027+0000] {processor.py:829} INFO - Processing file /opt/airflow/dags/etl.py for tasks to queue
[2023-10-16T16:16:27.029+0000] {logging_mixin.py:151} INFO - [2023-10-16T16:16:27.029+0000] {dagbag.py:539} INFO - Filling up the DagBag from /opt/airflow/dags/etl.py
[2023-10-16T16:16:28.296+0000] {processor.py:841} WARNING - No viable dags retrieved from /opt/airflow/dags/etl.py
[2023-10-16T16:16:28.342+0000] {processor.py:179} INFO - Processing /opt/airflow/dags/etl.py took 1.329 seconds
[2023-10-16T16:16:58.953+0000] {processor.py:157} INFO - Started process (PID=927) to work on /opt/airflow/dags/etl.py
[2023-10-16T16:16:58.963+0000] {processor.py:829} INFO - Processing file /opt/airflow/dags/etl.py for tasks to queue
[2023-10-16T16:16:58.965+0000] {logging_mixin.py:151} INFO - [2023-10-16T16:16:58.965+0000] {dagbag.py:539} INFO - Filling up the DagBag from /opt/airflow/dags/etl.py
[2023-10-16T16:17:00.299+0000] {processor.py:841} WARNING - No viable dags retrieved from /opt/airflow/dags/etl.py
[2023-10-16T16:17:00.348+0000] {processor.py:179} INFO - Processing /opt/airflow/dags/etl.py took 1.401 seconds
[2023-10-16T16:17:30.548+0000] {processor.py:157} INFO - Started process (PID=938) to work on /opt/airflow/dags/etl.py
[2023-10-16T16:17:30.550+0000] {processor.py:829} INFO - Processing file /opt/airflow/dags/etl.py for tasks to queue
[2023-10-16T16:17:30.553+0000] {logging_mixin.py:151} INFO - [2023-10-16T16:17:30.552+0000] {dagbag.py:539} INFO - Filling up the DagBag from /opt/airflow/dags/etl.py
[2023-10-16T16:17:31.563+0000] {processor.py:841} WARNING - No viable dags retrieved from /opt/airflow/dags/etl.py
[2023-10-16T16:17:31.593+0000] {processor.py:179} INFO - Processing /opt/airflow/dags/etl.py took 1.053 seconds
[2023-10-16T16:18:02.109+0000] {processor.py:157} INFO - Started process (PID=949) to work on /opt/airflow/dags/etl.py
[2023-10-16T16:18:02.111+0000] {processor.py:829} INFO - Processing file /opt/airflow/dags/etl.py for tasks to queue
[2023-10-16T16:18:02.114+0000] {logging_mixin.py:151} INFO - [2023-10-16T16:18:02.114+0000] {dagbag.py:539} INFO - Filling up the DagBag from /opt/airflow/dags/etl.py
[2023-10-16T16:18:03.268+0000] {processor.py:841} WARNING - No viable dags retrieved from /opt/airflow/dags/etl.py
[2023-10-16T16:18:03.303+0000] {processor.py:179} INFO - Processing /opt/airflow/dags/etl.py took 1.205 seconds
[2023-10-16T16:18:33.774+0000] {processor.py:157} INFO - Started process (PID=960) to work on /opt/airflow/dags/etl.py
[2023-10-16T16:18:33.775+0000] {processor.py:829} INFO - Processing file /opt/airflow/dags/etl.py for tasks to queue
[2023-10-16T16:18:33.778+0000] {logging_mixin.py:151} INFO - [2023-10-16T16:18:33.777+0000] {dagbag.py:539} INFO - Filling up the DagBag from /opt/airflow/dags/etl.py
[2023-10-16T16:18:34.759+0000] {processor.py:841} WARNING - No viable dags retrieved from /opt/airflow/dags/etl.py
[2023-10-16T16:18:34.788+0000] {processor.py:179} INFO - Processing /opt/airflow/dags/etl.py took 1.022 seconds
[2023-10-16T16:19:05.256+0000] {processor.py:157} INFO - Started process (PID=971) to work on /opt/airflow/dags/etl.py
[2023-10-16T16:19:05.258+0000] {processor.py:829} INFO - Processing file /opt/airflow/dags/etl.py for tasks to queue
[2023-10-16T16:19:05.260+0000] {logging_mixin.py:151} INFO - [2023-10-16T16:19:05.259+0000] {dagbag.py:539} INFO - Filling up the DagBag from /opt/airflow/dags/etl.py
[2023-10-16T16:19:06.310+0000] {processor.py:841} WARNING - No viable dags retrieved from /opt/airflow/dags/etl.py
[2023-10-16T16:19:06.344+0000] {processor.py:179} INFO - Processing /opt/airflow/dags/etl.py took 1.097 seconds
[2023-10-16T16:19:36.865+0000] {processor.py:157} INFO - Started process (PID=982) to work on /opt/airflow/dags/etl.py
[2023-10-16T16:19:36.879+0000] {processor.py:829} INFO - Processing file /opt/airflow/dags/etl.py for tasks to queue
[2023-10-16T16:19:36.881+0000] {logging_mixin.py:151} INFO - [2023-10-16T16:19:36.881+0000] {dagbag.py:539} INFO - Filling up the DagBag from /opt/airflow/dags/etl.py
[2023-10-16T16:19:38.301+0000] {processor.py:841} WARNING - No viable dags retrieved from /opt/airflow/dags/etl.py
[2023-10-16T16:19:38.353+0000] {processor.py:179} INFO - Processing /opt/airflow/dags/etl.py took 1.501 seconds
[2023-10-16T16:20:08.803+0000] {processor.py:157} INFO - Started process (PID=994) to work on /opt/airflow/dags/etl.py
[2023-10-16T16:20:08.804+0000] {processor.py:829} INFO - Processing file /opt/airflow/dags/etl.py for tasks to queue
[2023-10-16T16:20:08.807+0000] {logging_mixin.py:151} INFO - [2023-10-16T16:20:08.806+0000] {dagbag.py:539} INFO - Filling up the DagBag from /opt/airflow/dags/etl.py
[2023-10-16T16:20:09.917+0000] {processor.py:841} WARNING - No viable dags retrieved from /opt/airflow/dags/etl.py
[2023-10-16T16:20:09.959+0000] {processor.py:179} INFO - Processing /opt/airflow/dags/etl.py took 1.165 seconds
[2023-10-16T16:20:40.341+0000] {processor.py:157} INFO - Started process (PID=1005) to work on /opt/airflow/dags/etl.py
[2023-10-16T16:20:40.343+0000] {processor.py:829} INFO - Processing file /opt/airflow/dags/etl.py for tasks to queue
[2023-10-16T16:20:40.346+0000] {logging_mixin.py:151} INFO - [2023-10-16T16:20:40.345+0000] {dagbag.py:539} INFO - Filling up the DagBag from /opt/airflow/dags/etl.py
[2023-10-16T16:20:41.318+0000] {processor.py:841} WARNING - No viable dags retrieved from /opt/airflow/dags/etl.py
[2023-10-16T16:20:41.337+0000] {processor.py:179} INFO - Processing /opt/airflow/dags/etl.py took 1.012 seconds
[2023-10-16T16:21:11.768+0000] {processor.py:157} INFO - Started process (PID=1016) to work on /opt/airflow/dags/etl.py
[2023-10-16T16:21:11.771+0000] {processor.py:829} INFO - Processing file /opt/airflow/dags/etl.py for tasks to queue
[2023-10-16T16:21:11.773+0000] {logging_mixin.py:151} INFO - [2023-10-16T16:21:11.773+0000] {dagbag.py:539} INFO - Filling up the DagBag from /opt/airflow/dags/etl.py
[2023-10-16T16:21:12.745+0000] {processor.py:841} WARNING - No viable dags retrieved from /opt/airflow/dags/etl.py
[2023-10-16T16:21:12.776+0000] {processor.py:179} INFO - Processing /opt/airflow/dags/etl.py took 1.014 seconds
[2023-10-16T16:21:43.043+0000] {processor.py:157} INFO - Started process (PID=1027) to work on /opt/airflow/dags/etl.py
[2023-10-16T16:21:43.045+0000] {processor.py:829} INFO - Processing file /opt/airflow/dags/etl.py for tasks to queue
[2023-10-16T16:21:43.053+0000] {logging_mixin.py:151} INFO - [2023-10-16T16:21:43.051+0000] {dagbag.py:539} INFO - Filling up the DagBag from /opt/airflow/dags/etl.py
[2023-10-16T16:21:44.257+0000] {processor.py:841} WARNING - No viable dags retrieved from /opt/airflow/dags/etl.py
[2023-10-16T16:21:44.287+0000] {processor.py:179} INFO - Processing /opt/airflow/dags/etl.py took 1.252 seconds
[2023-10-16T16:22:15.248+0000] {processor.py:157} INFO - Started process (PID=1045) to work on /opt/airflow/dags/etl.py
[2023-10-16T16:22:15.262+0000] {processor.py:829} INFO - Processing file /opt/airflow/dags/etl.py for tasks to queue
[2023-10-16T16:22:15.265+0000] {logging_mixin.py:151} INFO - [2023-10-16T16:22:15.265+0000] {dagbag.py:539} INFO - Filling up the DagBag from /opt/airflow/dags/etl.py
[2023-10-16T16:22:17.198+0000] {processor.py:841} WARNING - No viable dags retrieved from /opt/airflow/dags/etl.py
[2023-10-16T16:22:17.239+0000] {processor.py:179} INFO - Processing /opt/airflow/dags/etl.py took 2.008 seconds
[2023-10-16T16:22:47.663+0000] {processor.py:157} INFO - Started process (PID=1056) to work on /opt/airflow/dags/etl.py
[2023-10-16T16:22:47.666+0000] {processor.py:829} INFO - Processing file /opt/airflow/dags/etl.py for tasks to queue
[2023-10-16T16:22:47.670+0000] {logging_mixin.py:151} INFO - [2023-10-16T16:22:47.669+0000] {dagbag.py:539} INFO - Filling up the DagBag from /opt/airflow/dags/etl.py
[2023-10-16T16:22:48.702+0000] {processor.py:841} WARNING - No viable dags retrieved from /opt/airflow/dags/etl.py
[2023-10-16T16:22:48.736+0000] {processor.py:179} INFO - Processing /opt/airflow/dags/etl.py took 1.080 seconds
[2023-10-16T16:23:18.941+0000] {processor.py:157} INFO - Started process (PID=1067) to work on /opt/airflow/dags/etl.py
[2023-10-16T16:23:18.945+0000] {processor.py:829} INFO - Processing file /opt/airflow/dags/etl.py for tasks to queue
[2023-10-16T16:23:18.954+0000] {logging_mixin.py:151} INFO - [2023-10-16T16:23:18.953+0000] {dagbag.py:539} INFO - Filling up the DagBag from /opt/airflow/dags/etl.py
[2023-10-16T16:23:20.246+0000] {processor.py:841} WARNING - No viable dags retrieved from /opt/airflow/dags/etl.py
[2023-10-16T16:23:20.303+0000] {processor.py:179} INFO - Processing /opt/airflow/dags/etl.py took 1.375 seconds
[2023-10-16T16:23:50.733+0000] {processor.py:157} INFO - Started process (PID=1078) to work on /opt/airflow/dags/etl.py
[2023-10-16T16:23:50.743+0000] {processor.py:829} INFO - Processing file /opt/airflow/dags/etl.py for tasks to queue
[2023-10-16T16:23:50.747+0000] {logging_mixin.py:151} INFO - [2023-10-16T16:23:50.745+0000] {dagbag.py:539} INFO - Filling up the DagBag from /opt/airflow/dags/etl.py
[2023-10-16T16:23:52.474+0000] {processor.py:841} WARNING - No viable dags retrieved from /opt/airflow/dags/etl.py
[2023-10-16T16:23:52.559+0000] {processor.py:179} INFO - Processing /opt/airflow/dags/etl.py took 1.841 seconds
[2023-10-16T16:24:23.173+0000] {processor.py:157} INFO - Started process (PID=1089) to work on /opt/airflow/dags/etl.py
[2023-10-16T16:24:23.175+0000] {processor.py:829} INFO - Processing file /opt/airflow/dags/etl.py for tasks to queue
[2023-10-16T16:24:23.183+0000] {logging_mixin.py:151} INFO - [2023-10-16T16:24:23.181+0000] {dagbag.py:539} INFO - Filling up the DagBag from /opt/airflow/dags/etl.py
[2023-10-16T16:24:24.640+0000] {processor.py:841} WARNING - No viable dags retrieved from /opt/airflow/dags/etl.py
[2023-10-16T16:24:24.685+0000] {processor.py:179} INFO - Processing /opt/airflow/dags/etl.py took 1.521 seconds
[2023-10-16T16:24:54.996+0000] {processor.py:157} INFO - Started process (PID=1100) to work on /opt/airflow/dags/etl.py
[2023-10-16T16:24:55.003+0000] {processor.py:829} INFO - Processing file /opt/airflow/dags/etl.py for tasks to queue
[2023-10-16T16:24:55.005+0000] {logging_mixin.py:151} INFO - [2023-10-16T16:24:55.004+0000] {dagbag.py:539} INFO - Filling up the DagBag from /opt/airflow/dags/etl.py
[2023-10-16T16:24:56.221+0000] {processor.py:841} WARNING - No viable dags retrieved from /opt/airflow/dags/etl.py
[2023-10-16T16:24:56.259+0000] {processor.py:179} INFO - Processing /opt/airflow/dags/etl.py took 1.271 seconds
[2023-10-16T16:25:26.825+0000] {processor.py:157} INFO - Started process (PID=1112) to work on /opt/airflow/dags/etl.py
[2023-10-16T16:25:26.833+0000] {processor.py:829} INFO - Processing file /opt/airflow/dags/etl.py for tasks to queue
[2023-10-16T16:25:26.837+0000] {logging_mixin.py:151} INFO - [2023-10-16T16:25:26.837+0000] {dagbag.py:539} INFO - Filling up the DagBag from /opt/airflow/dags/etl.py
[2023-10-16T16:25:28.928+0000] {processor.py:841} WARNING - No viable dags retrieved from /opt/airflow/dags/etl.py
[2023-10-16T16:25:29.018+0000] {processor.py:179} INFO - Processing /opt/airflow/dags/etl.py took 2.211 seconds
[2023-10-16T16:25:59.462+0000] {processor.py:157} INFO - Started process (PID=1123) to work on /opt/airflow/dags/etl.py
[2023-10-16T16:25:59.467+0000] {processor.py:829} INFO - Processing file /opt/airflow/dags/etl.py for tasks to queue
[2023-10-16T16:25:59.472+0000] {logging_mixin.py:151} INFO - [2023-10-16T16:25:59.471+0000] {dagbag.py:539} INFO - Filling up the DagBag from /opt/airflow/dags/etl.py
[2023-10-16T16:26:00.491+0000] {processor.py:841} WARNING - No viable dags retrieved from /opt/airflow/dags/etl.py
[2023-10-16T16:26:00.537+0000] {processor.py:179} INFO - Processing /opt/airflow/dags/etl.py took 1.084 seconds
[2023-10-16T16:26:31.271+0000] {processor.py:157} INFO - Started process (PID=1134) to work on /opt/airflow/dags/etl.py
[2023-10-16T16:26:31.275+0000] {processor.py:829} INFO - Processing file /opt/airflow/dags/etl.py for tasks to queue
[2023-10-16T16:26:31.279+0000] {logging_mixin.py:151} INFO - [2023-10-16T16:26:31.279+0000] {dagbag.py:539} INFO - Filling up the DagBag from /opt/airflow/dags/etl.py
[2023-10-16T16:26:32.449+0000] {processor.py:841} WARNING - No viable dags retrieved from /opt/airflow/dags/etl.py
[2023-10-16T16:26:32.486+0000] {processor.py:179} INFO - Processing /opt/airflow/dags/etl.py took 1.227 seconds
[2023-10-16T16:27:03.114+0000] {processor.py:157} INFO - Started process (PID=1145) to work on /opt/airflow/dags/etl.py
[2023-10-16T16:27:03.115+0000] {processor.py:829} INFO - Processing file /opt/airflow/dags/etl.py for tasks to queue
[2023-10-16T16:27:03.117+0000] {logging_mixin.py:151} INFO - [2023-10-16T16:27:03.117+0000] {dagbag.py:539} INFO - Filling up the DagBag from /opt/airflow/dags/etl.py
[2023-10-16T16:27:04.177+0000] {processor.py:841} WARNING - No viable dags retrieved from /opt/airflow/dags/etl.py
[2023-10-16T16:27:04.207+0000] {processor.py:179} INFO - Processing /opt/airflow/dags/etl.py took 1.100 seconds
[2023-10-16T16:27:34.581+0000] {processor.py:157} INFO - Started process (PID=1156) to work on /opt/airflow/dags/etl.py
[2023-10-16T16:27:34.583+0000] {processor.py:829} INFO - Processing file /opt/airflow/dags/etl.py for tasks to queue
[2023-10-16T16:27:34.586+0000] {logging_mixin.py:151} INFO - [2023-10-16T16:27:34.585+0000] {dagbag.py:539} INFO - Filling up the DagBag from /opt/airflow/dags/etl.py
[2023-10-16T16:27:35.479+0000] {processor.py:841} WARNING - No viable dags retrieved from /opt/airflow/dags/etl.py
[2023-10-16T16:27:35.509+0000] {processor.py:179} INFO - Processing /opt/airflow/dags/etl.py took 0.935 seconds
[2023-10-16T16:28:06.397+0000] {processor.py:157} INFO - Started process (PID=1167) to work on /opt/airflow/dags/etl.py
[2023-10-16T16:28:06.398+0000] {processor.py:829} INFO - Processing file /opt/airflow/dags/etl.py for tasks to queue
[2023-10-16T16:28:06.399+0000] {logging_mixin.py:151} INFO - [2023-10-16T16:28:06.398+0000] {dagbag.py:539} INFO - Filling up the DagBag from /opt/airflow/dags/etl.py
[2023-10-16T16:28:06.999+0000] {processor.py:841} WARNING - No viable dags retrieved from /opt/airflow/dags/etl.py
[2023-10-16T16:28:07.029+0000] {processor.py:179} INFO - Processing /opt/airflow/dags/etl.py took 0.637 seconds
[2023-10-16T16:28:37.404+0000] {processor.py:157} INFO - Started process (PID=1178) to work on /opt/airflow/dags/etl.py
[2023-10-16T16:28:37.405+0000] {processor.py:829} INFO - Processing file /opt/airflow/dags/etl.py for tasks to queue
[2023-10-16T16:28:37.408+0000] {logging_mixin.py:151} INFO - [2023-10-16T16:28:37.407+0000] {dagbag.py:539} INFO - Filling up the DagBag from /opt/airflow/dags/etl.py
[2023-10-16T16:28:38.300+0000] {processor.py:841} WARNING - No viable dags retrieved from /opt/airflow/dags/etl.py
[2023-10-16T16:28:38.333+0000] {processor.py:179} INFO - Processing /opt/airflow/dags/etl.py took 0.936 seconds
[2023-10-16T16:29:08.815+0000] {processor.py:157} INFO - Started process (PID=1189) to work on /opt/airflow/dags/etl.py
[2023-10-16T16:29:08.817+0000] {processor.py:829} INFO - Processing file /opt/airflow/dags/etl.py for tasks to queue
[2023-10-16T16:29:08.821+0000] {logging_mixin.py:151} INFO - [2023-10-16T16:29:08.821+0000] {dagbag.py:539} INFO - Filling up the DagBag from /opt/airflow/dags/etl.py
[2023-10-16T16:29:10.199+0000] {processor.py:841} WARNING - No viable dags retrieved from /opt/airflow/dags/etl.py
[2023-10-16T16:29:10.252+0000] {processor.py:179} INFO - Processing /opt/airflow/dags/etl.py took 1.445 seconds
[2023-10-16T16:29:40.845+0000] {processor.py:157} INFO - Started process (PID=1200) to work on /opt/airflow/dags/etl.py
[2023-10-16T16:29:40.860+0000] {processor.py:829} INFO - Processing file /opt/airflow/dags/etl.py for tasks to queue
[2023-10-16T16:29:40.862+0000] {logging_mixin.py:151} INFO - [2023-10-16T16:29:40.862+0000] {dagbag.py:539} INFO - Filling up the DagBag from /opt/airflow/dags/etl.py
[2023-10-16T16:29:42.418+0000] {processor.py:841} WARNING - No viable dags retrieved from /opt/airflow/dags/etl.py
[2023-10-16T16:29:42.453+0000] {processor.py:179} INFO - Processing /opt/airflow/dags/etl.py took 1.616 seconds
[2023-10-16T16:30:12.902+0000] {processor.py:157} INFO - Started process (PID=1211) to work on /opt/airflow/dags/etl.py
[2023-10-16T16:30:12.916+0000] {processor.py:829} INFO - Processing file /opt/airflow/dags/etl.py for tasks to queue
[2023-10-16T16:30:12.921+0000] {logging_mixin.py:151} INFO - [2023-10-16T16:30:12.920+0000] {dagbag.py:539} INFO - Filling up the DagBag from /opt/airflow/dags/etl.py
[2023-10-16T16:30:15.613+0000] {processor.py:841} WARNING - No viable dags retrieved from /opt/airflow/dags/etl.py
[2023-10-16T16:30:15.692+0000] {processor.py:179} INFO - Processing /opt/airflow/dags/etl.py took 2.811 seconds
[2023-10-16T16:30:45.980+0000] {processor.py:157} INFO - Started process (PID=1222) to work on /opt/airflow/dags/etl.py
[2023-10-16T16:30:45.986+0000] {processor.py:829} INFO - Processing file /opt/airflow/dags/etl.py for tasks to queue
[2023-10-16T16:30:45.994+0000] {logging_mixin.py:151} INFO - [2023-10-16T16:30:45.994+0000] {dagbag.py:539} INFO - Filling up the DagBag from /opt/airflow/dags/etl.py
[2023-10-16T16:30:47.682+0000] {processor.py:841} WARNING - No viable dags retrieved from /opt/airflow/dags/etl.py
[2023-10-16T16:30:47.720+0000] {processor.py:179} INFO - Processing /opt/airflow/dags/etl.py took 1.746 seconds
[2023-10-16T16:31:18.501+0000] {processor.py:157} INFO - Started process (PID=1233) to work on /opt/airflow/dags/etl.py
[2023-10-16T16:31:18.503+0000] {processor.py:829} INFO - Processing file /opt/airflow/dags/etl.py for tasks to queue
[2023-10-16T16:31:18.505+0000] {logging_mixin.py:151} INFO - [2023-10-16T16:31:18.504+0000] {dagbag.py:539} INFO - Filling up the DagBag from /opt/airflow/dags/etl.py
[2023-10-16T16:31:19.504+0000] {processor.py:841} WARNING - No viable dags retrieved from /opt/airflow/dags/etl.py
[2023-10-16T16:31:19.531+0000] {processor.py:179} INFO - Processing /opt/airflow/dags/etl.py took 1.036 seconds
[2023-10-16T16:31:50.175+0000] {processor.py:157} INFO - Started process (PID=1251) to work on /opt/airflow/dags/etl.py
[2023-10-16T16:31:50.179+0000] {processor.py:829} INFO - Processing file /opt/airflow/dags/etl.py for tasks to queue
[2023-10-16T16:31:50.190+0000] {logging_mixin.py:151} INFO - [2023-10-16T16:31:50.190+0000] {dagbag.py:539} INFO - Filling up the DagBag from /opt/airflow/dags/etl.py
[2023-10-16T16:31:51.784+0000] {processor.py:841} WARNING - No viable dags retrieved from /opt/airflow/dags/etl.py
[2023-10-16T16:31:51.821+0000] {processor.py:179} INFO - Processing /opt/airflow/dags/etl.py took 1.657 seconds
[2023-10-16T16:32:22.293+0000] {processor.py:157} INFO - Started process (PID=1262) to work on /opt/airflow/dags/etl.py
[2023-10-16T16:32:22.295+0000] {processor.py:829} INFO - Processing file /opt/airflow/dags/etl.py for tasks to queue
[2023-10-16T16:32:22.297+0000] {logging_mixin.py:151} INFO - [2023-10-16T16:32:22.296+0000] {dagbag.py:539} INFO - Filling up the DagBag from /opt/airflow/dags/etl.py
[2023-10-16T16:32:23.215+0000] {processor.py:841} WARNING - No viable dags retrieved from /opt/airflow/dags/etl.py
[2023-10-16T16:32:23.250+0000] {processor.py:179} INFO - Processing /opt/airflow/dags/etl.py took 0.964 seconds
[2023-10-16T16:32:53.948+0000] {processor.py:157} INFO - Started process (PID=1273) to work on /opt/airflow/dags/etl.py
[2023-10-16T16:32:53.950+0000] {processor.py:829} INFO - Processing file /opt/airflow/dags/etl.py for tasks to queue
[2023-10-16T16:32:53.955+0000] {logging_mixin.py:151} INFO - [2023-10-16T16:32:53.954+0000] {dagbag.py:539} INFO - Filling up the DagBag from /opt/airflow/dags/etl.py
[2023-10-16T16:32:55.085+0000] {processor.py:841} WARNING - No viable dags retrieved from /opt/airflow/dags/etl.py
[2023-10-16T16:32:55.114+0000] {processor.py:179} INFO - Processing /opt/airflow/dags/etl.py took 1.172 seconds
[2023-10-16T16:33:25.578+0000] {processor.py:157} INFO - Started process (PID=1283) to work on /opt/airflow/dags/etl.py
[2023-10-16T16:33:25.582+0000] {processor.py:829} INFO - Processing file /opt/airflow/dags/etl.py for tasks to queue
[2023-10-16T16:33:25.584+0000] {logging_mixin.py:151} INFO - [2023-10-16T16:33:25.583+0000] {dagbag.py:539} INFO - Filling up the DagBag from /opt/airflow/dags/etl.py
[2023-10-16T16:33:26.587+0000] {processor.py:841} WARNING - No viable dags retrieved from /opt/airflow/dags/etl.py
[2023-10-16T16:33:26.625+0000] {processor.py:179} INFO - Processing /opt/airflow/dags/etl.py took 1.053 seconds
[2023-10-16T16:33:57.057+0000] {processor.py:157} INFO - Started process (PID=1294) to work on /opt/airflow/dags/etl.py
[2023-10-16T16:33:57.067+0000] {processor.py:829} INFO - Processing file /opt/airflow/dags/etl.py for tasks to queue
[2023-10-16T16:33:57.069+0000] {logging_mixin.py:151} INFO - [2023-10-16T16:33:57.068+0000] {dagbag.py:539} INFO - Filling up the DagBag from /opt/airflow/dags/etl.py
[2023-10-16T16:33:57.944+0000] {processor.py:841} WARNING - No viable dags retrieved from /opt/airflow/dags/etl.py
[2023-10-16T16:33:57.981+0000] {processor.py:179} INFO - Processing /opt/airflow/dags/etl.py took 0.932 seconds
[2023-10-16T16:34:28.916+0000] {processor.py:157} INFO - Started process (PID=1305) to work on /opt/airflow/dags/etl.py
[2023-10-16T16:34:28.921+0000] {processor.py:829} INFO - Processing file /opt/airflow/dags/etl.py for tasks to queue
[2023-10-16T16:34:28.927+0000] {logging_mixin.py:151} INFO - [2023-10-16T16:34:28.926+0000] {dagbag.py:539} INFO - Filling up the DagBag from /opt/airflow/dags/etl.py
[2023-10-16T16:34:30.245+0000] {processor.py:841} WARNING - No viable dags retrieved from /opt/airflow/dags/etl.py
[2023-10-16T16:34:30.299+0000] {processor.py:179} INFO - Processing /opt/airflow/dags/etl.py took 1.398 seconds
[2023-10-16T16:35:02.120+0000] {processor.py:157} INFO - Started process (PID=1316) to work on /opt/airflow/dags/etl.py
[2023-10-16T16:35:02.130+0000] {processor.py:829} INFO - Processing file /opt/airflow/dags/etl.py for tasks to queue
[2023-10-16T16:35:02.201+0000] {logging_mixin.py:151} INFO - [2023-10-16T16:35:02.187+0000] {dagbag.py:539} INFO - Filling up the DagBag from /opt/airflow/dags/etl.py
